loss: 
[[12.896]]

res : 
[[120.672]
 [129.945]
 [129.945]
 [129.945]
 [129.945]
 [129.945]
 [129.945]
 [129.945]
 [129.945]
 [129.945]]

[[157.802]
 [169.928]
 [169.928]
 [169.928]
 [169.928]
 [169.928]
 [169.928]
 [169.928]
 [169.928]
 [169.928]]

q1 grad: 
[[0.156944]
 [0.165524]]

q2 grad: 
[[0.148873]
 [0.157012]]

k1 grad: 
[[-0.027822, -0.0172867, -0.00368659, 0.0135798, 0.0352157]
 [-0.0293429, -0.0182317, -0.00388812, 0.0143221, 0.0371408]]

k2 grad: 
[[-0.0464794, -0.0349021, -0.0139088, 0.0206818, 0.0746081]
 [-0.0490203, -0.0368101, -0.0146691, 0.0218123, 0.0786866]]

v1 grad: 
[[0.00701525, 0.00789126, 0.00887664, 0.00998507, 0.0112319]
 [0.0701516, 0.0789116, 0.0887653, 0.0998495, 0.112318]
 [0.0701516, 0.0789116, 0.0887653, 0.0998495, 0.112318]
 [0.0701516, 0.0789116, 0.0887653, 0.0998495, 0.112318]]

v2 grad: 
[[0.00532182, 0.00673389, 0.00852062, 0.0107814, 0.0136421]
 [0.0532183, 0.067339, 0.0852063, 0.107815, 0.136422]
 [0.0532183, 0.067339, 0.0852063, 0.107815, 0.136422]
 [0.0532183, 0.067339, 0.0852063, 0.107815, 0.136422]]

res grad: 
[[-0.499995]
 [0.055555]
 [0.055555]
 [0.055555]
 [0.055555]
 [0.055555]
 [0.055555]
 [0.055555]
 [0.055555]
 [0.055555]]

[[-0.5]
 [0.0555555]
 [0.0555555]
 [0.0555555]
 [0.0555555]
 [0.0555555]
 [0.0555555]
 [0.0555555]
 [0.0555555]
 [0.0555555]]

