e : 0 loss : [2.5457318]
param 0 name : Tensor[1](embedding)(7, 4)
param 0 grad : 
[[0, 0, 0, 0],
 [-9.7160084e-09, 4.7253195e-08, 2.6098488e-09, -3.9826226e-08],
 [0, 0, 0, 0],
 [0, 0, 0, 0],
 [-6.0823369e-10, 1.1755676e-08, 5.4014272e-08, 1.1755634e-08],
 [-8.5723917e-09, 4.0837641e-08, 1.4037788e-08, -4.6167877e-08],
 [-3.9519783e-09, -2.2575026e-09, 2.8961054e-08, -2.9316571e-08]]
param 1 name : Tensor[113](w_q_w_linear)(4, 4)
param 1 grad : 
[[1.2159568e-10, 2.6214843e-18, 2.6214843e-18, 2.6214843e-18],
 [1.7090064e-10, 7.3812469e-18, 7.3812469e-18, 7.3812469e-18],
 [2.243529e-10, 1.726473e-17, 1.726473e-17, 1.726473e-17],
 [3.3285388e-10, 2.548362e-17, 2.548362e-17, 2.548362e-17]]
param 2 name : Tensor[133](w_k_w_linear)(4, 4)
param 2 grad : 
[[-2.7532501e-09, 6.4519135e-17, 6.4519135e-17, 6.4519135e-17],
 [1.037909e-09, -1.2119361e-17, -1.2119361e-17, -1.2119361e-17],
 [-2.2401501e-11, 3.7481055e-19, 3.7481055e-19, 3.7481055e-19],
 [8.5319013e-14, -2.3469827e-20, -2.3469827e-20, -2.3469827e-20]]
param 3 name : Tensor[153](w_v_w_linear)(4, 4)
param 3 grad : 
[[1.0454086e-08, 1.7999924e-15, 1.7999924e-15, 1.7999924e-15],
 [3.3406192e-08, 2.2593795e-15, 2.2593795e-15, 2.2593795e-15],
 [2.2630834e-08, 1.7851516e-15, 1.7851516e-15, 1.7851516e-15],
 [3.3929165e-08, 2.6644914e-15, 2.6644914e-15, 2.6644914e-15]]
param 4 name : Tensor[254](w_o_w_linear)(4, 4)
param 4 grad : 
[[-1.01124e-07, 3.0052232e-07, 3.0922544e-07, -5.0862377e-07],
 [-1.2049685e-07, 3.5831889e-07, 3.6819995e-07, -6.0602201e-07],
 [-1.2049685e-07, 3.5831889e-07, 3.6819995e-07, -6.0602201e-07],
 [-1.2049685e-07, 3.5831889e-07, 3.6819995e-07, -6.0602201e-07]]
param 5 name : Tensor[6](layernorm_gamma)(4)
param 5 grad : 
[4.4226525e-08, 4.5762707e-08, 7.0554698e-08, -1.6054392e-07]
param 6 name : Tensor[7](layernorm_beta)(4)
param 6 grad : 
[-2.5844356e-08, 1.534605e-07, 1.5806135e-07, -2.0644023e-07]
param 7 name : Tensor[282](ffn_dense1_w_linear)(4, 5)
param 7 grad : 
[[-4.3740577e-08, -6.1200142e-15, -6.1200142e-15, -6.1200142e-15, -6.1200142e-15],
 [1.0679442e-08, 2.0648834e-15, 2.0648834e-15, 2.0648834e-15, 2.0648834e-15],
 [1.3083713e-08, 1.5047527e-15, 1.5047527e-15, 1.5047527e-15, 1.5047527e-15],
 [1.9977412e-08, 2.5503842e-15, 2.5503842e-15, 2.5503842e-15, 2.5503842e-15]]
param 8 name : Tensor[286](ffn_dense1_b_linear)(5)
param 8 grad : 
[2.5560386e-08, 3.5527137e-15, 3.5527137e-15, 3.5527137e-15, 3.5527137e-15]
param 9 name : Tensor[300](ffn_dense2_w_linear)(5, 4)
param 9 grad : 
[[-4.3740538e-08, 1.9608872e-07, 2.0517274e-07, -3.5752089e-07],
 [-1.2420001e-14, 4.1155149e-14, 9.0173772e-14, -1.1890892e-13],
 [-1.2420001e-14, 4.1155149e-14, 9.0173772e-14, -1.1890892e-13],
 [-1.2420001e-14, 4.1155149e-14, 9.0173772e-14, -1.1890892e-13],
 [-1.2420001e-14, 4.1155149e-14, 9.0173772e-14, -1.1890892e-13]]
param 10 name : Tensor[304](ffn_dense2_b_linear)(4)
param 10 grad : 
[-2.8400409e-08, 1.2790011e-07, 1.3250094e-07, -2.3200063e-07]
param 11 name : Tensor[14](layernorm_gamma)(4)
param 11 grad : 
[4.4237581e-08, 8.9868934e-08, 1.1359156e-07, -2.4769744e-07]
param 12 name : Tensor[15](layernorm_beta)(4)
param 12 grad : 
[-2.5663494e-08, 2.2361073e-07, 2.31592e-07, -3.5085597e-07]
param 13 name : Tensor[334](w_q_w_linear)(4, 4)
param 13 grad : 
[[-3.5109475e-13, -2.0246339e-32, -2.0246339e-32, -2.0246339e-32],
 [9.7407745e-14, 1.061705e-29, 1.061705e-29, 1.061705e-29],
 [1.0964078e-13, -2.3735522e-30, -2.3735522e-30, -2.3735522e-30],
 [1.4404621e-13, -8.223119e-30, -8.223119e-30, -8.223119e-30]]
param 14 name : Tensor[354](w_k_w_linear)(4, 4)
param 14 grad : 
[[-3.5110109e-13, 4.275083e-31, 4.275083e-31, 4.275083e-31],
 [9.5882451e-12, -1.0917194e-30, -1.0917194e-30, -1.0917194e-30],
 [-4.7973795e-12, 3.772987e-30, 3.772987e-30, 3.772987e-30],
 [-4.4397784e-12, -3.1086857e-30, -3.1086857e-30, -3.1086857e-30]]
param 15 name : Tensor[374](w_v_w_linear)(4, 4)
param 15 grad : 
[[-4.3794181e-08, 0, 0, 0],
 [1.3204382e-08, 0, 0, 0],
 [1.3130256e-08, 0, 0, 0],
 [1.7459543e-08, 0, 0, 0]]
param 16 name : Tensor[475](w_o_w_linear)(4, 4)
param 16 grad : 
[[-4.3794195e-08, 3.0782863e-07, 3.2022274e-07, -5.8425718e-07],
 [8.4047506e-16, -5.9076851e-15, -6.1455459e-15, 1.1212756e-14],
 [8.4047506e-16, -5.9076851e-15, -6.1455459e-15, 1.1212756e-14],
 [8.4047506e-16, -5.9076851e-15, -6.1455459e-15, 1.1212756e-14]]
param 17 name : Tensor[22](layernorm_gamma)(4)
param 17 grad : 
[4.4410868e-08, 1.5611383e-07, 1.8343566e-07, -3.8360483e-07]
param 18 name : Tensor[23](layernorm_beta)(4)
param 18 grad : 
[-2.568753e-08, 3.3743862e-07, 3.505408e-07, -5.8355187e-07]
param 19 name : Tensor[503](ffn_dense1_w_linear)(4, 5)
param 19 grad : 
[[-4.3918362e-08, 8.2331445e-13, 8.2331445e-13, 8.2331445e-13, 8.2331445e-13],
 [1.3125553e-08, -2.5543085e-13, -2.5543085e-13, -2.5543085e-13, -2.5543085e-13],
 [1.4057541e-08, -2.5768027e-13, -2.5768027e-13, -2.5768027e-13, -2.5768027e-13],
 [1.6735267e-08, -3.1020341e-13, -3.1020341e-13, -3.1020341e-13, -3.1020341e-13]]
param 20 name : Tensor[507](ffn_dense1_b_linear)(5)
param 20 grad : 
[2.5402663e-08, -4.7606363e-13, -4.7606363e-13, -4.7606363e-13, -4.7606363e-13]
param 21 name : Tensor[521](ffn_dense2_w_linear)(5, 4)
param 21 grad : 
[[-4.3919464e-08, 4.8517825e-07, 5.0635043e-07, -9.4761015e-07],
 [-1.4980176e-15, 1.1061708e-14, 2.3223936e-14, -3.2787683e-14],
 [-1.4980176e-15, 1.1061708e-14, 2.3223936e-14, -3.2787683e-14],
 [-1.4980176e-15, 1.1061708e-14, 2.3223936e-14, -3.2787683e-14],
 [-1.4980176e-15, 1.1061708e-14, 2.3223936e-14, -3.2787683e-14]]
param 22 name : Tensor[525](ffn_dense2_b_linear)(4)
param 22 grad : 
[-2.8225891e-08, 3.1203786e-07, 3.2514004e-07, -6.0895263e-07]
param 23 name : Tensor[30](layernorm_gamma)(4)
param 23 grad : 
[-1.006908e-05, 3.2315784e-05, 3.2261298e-05, 3.6113015e-05]
param 24 name : Tensor[31](layernorm_beta)(4)
param 24 grad : 
[5.8167443e-06, 5.8167043e-05, 5.8167043e-05, 5.8167043e-05]
param 25 name : Tensor[38](embedding)(9, 4)
param 25 grad : 
[[0, 0, 0, 0],
 [0, 0, 0, 0],
 [0, 0, 0, 0],
 [2.8612999e-07, 1.8469998e-05, 5.6937301e-05, 1.8469997e-05],
 [0, 0, 0, 0],
 [0, 0, 0, 0],
 [-3.8072603e-06, -2.3996936e-06, 2.7407728e-05, -2.8235747e-05],
 [-9.5931473e-06, 4.3311902e-05, 1.4996057e-05, -4.8616934e-05],
 [-1.5202547e-05, 6.2984771e-05, 4.2568699e-06, -5.1567342e-05]]
param 26 name : Tensor[571](w_q_w_linear)(4, 4)
param 26 grad : 
[[2.5182567e-07, -9.0817805e-15, -9.0817805e-15, -9.0817805e-15],
 [1.7199987e-07, -5.5304662e-15, -5.5304662e-15, -5.5304662e-15],
 [2.6181439e-07, -1.0516993e-14, -1.0516993e-14, -1.0516993e-14],
 [3.8782588e-07, -1.5545848e-14, -1.5545848e-14, -1.5545848e-14]]
param 27 name : Tensor[591](w_k_w_linear)(4, 4)
param 27 grad : 
[[-3.8720527e-06, 1.280307e-15, 1.280307e-15, 1.280307e-15],
 [1.2610493e-06, -4.2454281e-14, -4.2454281e-14, -4.2454281e-14],
 [-2.7131646e-08, 4.4378465e-16, 4.4378465e-16, 4.4378465e-16],
 [1.0774048e-10, 5.5054442e-17, 5.5054442e-17, 5.5054442e-17]]
param 28 name : Tensor[611](w_v_w_linear)(4, 4)
param 28 grad : 
[[1.0585392e-05, -9.5573948e-12, -9.5573948e-12, -9.5573948e-12],
 [4.1349398e-05, -1.2907862e-11, -1.2907862e-11, -1.2907862e-11],
 [2.8046317e-05, -1.0049998e-11, -1.0049998e-11, -1.0049998e-11],
 [4.2046708e-05, -1.5006434e-11, -1.5006434e-11, -1.5006434e-11]]
param 29 name : Tensor[712](w_o_w_linear)(4, 4)
param 29 grad : 
[[-0.00012500108, 0.00037713215, 0.00030276788, -0.00055489899],
 [-0.00014796853, 0.00045692548, 0.00034797477, -0.00065693178],
 [-0.00014796853, 0.00045692548, 0.00034797477, -0.00065693178],
 [-0.00014796853, 0.00045692548, 0.00034797477, -0.00065693178]]
param 30 name : Tensor[43](layernorm_gamma)(4)
param 30 grad : 
[5.5285342e-05, 3.4657183e-05, 5.5890036e-05, -0.00019132462]
param 31 name : Tensor[44](layernorm_beta)(4)
param 31 grad : 
[-3.2444485e-05, 0.0001432428, 0.00012794144, -0.00023873975]
param 32 name : Tensor[740](w_q_w_linear)(4, 4)
param 32 grad : 
[[-7.2394139e-12, 3.1722308e-25, 3.1722308e-25, 3.1722308e-25],
 [1.535499e-12, -4.9089418e-26, -4.9089418e-26, -4.9089418e-26],
 [2.2211569e-12, -1.0669048e-25, -1.0669048e-25, -1.0669048e-25],
 [3.4827579e-12, -1.614434e-25, -1.614434e-25, -1.614434e-25]]
param 33 name : Tensor[760](w_k_w_linear)(4, 4)
param 33 grad : 
[[-7.2359896e-12, 4.9264364e-28, 4.9264364e-28, 4.9264364e-28],
 [6.3416228e-10, -3.2655045e-26, -3.2655045e-26, -3.2655045e-26],
 [-3.2493963e-10, 1.7594902e-26, 1.7594902e-26, 1.7594902e-26],
 [-3.0198333e-10, 1.4567253e-26, 1.4567253e-26, 1.4567253e-26]]
param 34 name : Tensor[780](w_v_w_linear)(4, 4)
param 34 grad : 
[[-5.0546703e-05, 1.2595048e-11, 1.2595048e-11, 1.2595048e-11],
 [1.6221969e-05, -4.0419751e-12, -4.0419751e-12, -4.0419751e-12],
 [1.6195592e-05, -4.0356416e-12, -4.0356416e-12, -4.0356416e-12],
 [1.8129142e-05, -4.5174307e-12, -4.5174307e-12, -4.5174307e-12]]
param 35 name : Tensor[881](w_o_w_linear)(4, 4)
param 35 grad : 
[[-5.0546736e-05, 0.00022316446, 0.00019932578, -0.00037194352],
 [2.900763e-12, -1.2806904e-11, -1.1438855e-11, 2.1344999e-11],
 [2.900763e-12, -1.2806904e-11, -1.1438855e-11, 2.1344999e-11],
 [2.900763e-12, -1.2806904e-11, -1.1438855e-11, 2.1344999e-11]]
param 36 name : Tensor[51](layernorm_gamma)(4)
param 36 grad : 
[5.0611456e-05, 9.5053059e-05, 0.00011297471, -0.00025863928]
param 37 name : Tensor[52](layernorm_beta)(4)
param 37 grad : 
[-2.9405426e-05, 0.0002515759, 0.0002278132, -0.00035982847]
param 38 name : Tensor[909](ffn_dense1_w_linear)(4, 5)
param 38 grad : 
[[-5.0055285e-05, -1.2575612e-11, -1.2575612e-11, -1.2575612e-11, -1.2575612e-11],
 [1.3140509e-05, 4.223693e-12, 4.223693e-12, 4.223693e-12, 4.223693e-12],
 [1.5788777e-05, 3.5071856e-12, 3.5071856e-12, 3.5071856e-12, 3.5071856e-12],
 [2.1126001e-05, 4.844734e-12, 4.844734e-12, 4.844734e-12, 4.844734e-12]]
param 39 name : Tensor[913](ffn_dense1_b_linear)(5)
param 39 grad : 
[2.908229e-05, 7.2759576e-12, 7.2759576e-12, 7.2759576e-12, 7.2759576e-12]
param 40 name : Tensor[927](ffn_dense2_w_linear)(5, 4)
param 40 grad : 
[[-5.0055329e-05, 0.00034388958, 0.00030896525, -0.00060279947],
 [-8.9148963e-13, -5.561775e-13, 1.8658261e-11, -1.7210592e-11],
 [-8.9148963e-13, -5.561775e-13, 1.8658261e-11, -1.7210592e-11],
 [-8.9148963e-13, -5.561775e-13, 1.8658261e-11, -1.7210592e-11],
 [-8.9148963e-13, -5.561775e-13, 1.8658261e-11, -1.7210592e-11]]
param 41 name : Tensor[931](ffn_dense2_b_linear)(4)
param 41 grad : 
[-3.2313685e-05, 0.00022249356, 0.00019873088, -0.00038891076]
param 42 name : Tensor[59](layernorm_gamma)(4)
param 42 grad : 
[5.062631e-05, 0.00017253624, 0.00017831786, -0.00040148047]
param 43 name : Tensor[60](layernorm_beta)(4)
param 43 grad : 
[-2.9304014e-05, 0.000378925, 0.0003411111, -0.0006008874]
param 44 name : Tensor[961](w_q_w_linear)(4, 4)
param 44 grad : 
[[-7.9364709e-11, -1.6731789e-26, -1.6731789e-26, -1.6731789e-26],
 [2.1298414e-11, 4.4307363e-27, 4.4307363e-27, 4.4307363e-27],
 [2.6378885e-11, 5.596477e-27, 5.596477e-27, 5.596477e-27],
 [3.1687417e-11, 6.7045758e-27, 6.7045758e-27, 6.7045758e-27]]
param 45 name : Tensor[981](w_k_w_linear)(4, 4)
param 45 grad : 
[[-7.9367624e-11, 2.1221437e-29, 2.1221437e-29, 2.1221437e-29],
 [2.7429148e-09, -5.6144016e-28, -5.6144016e-28, -5.6144016e-28],
 [-1.1911574e-09, 2.8845327e-28, 2.8845327e-28, 2.8845327e-28],
 [-1.4723911e-09, 2.5176546e-28, 2.5176546e-28, 2.5176546e-28]]
param 46 name : Tensor[1001](w_v_w_linear)(4, 4)
param 46 grad : 
[[-5.0128794e-05, -2.5160013e-11, -2.5160013e-11, -2.5160013e-11],
 [1.6184033e-05, 7.8021548e-12, 7.8021548e-12, 7.8021548e-12],
 [1.5394067e-05, 7.8664349e-12, 7.8664349e-12, 7.8664349e-12],
 [1.8550698e-05, 9.4914267e-12, 9.4914267e-12, 9.4914267e-12]]
param 47 name : Tensor[1102](w_o_w_linear)(4, 4)
param 47 grad : 
[[-5.0128772e-05, 0.00054457586, 0.00048614613, -0.00098059326],
 [-1.3893348e-12, 1.3904601e-11, 1.3861327e-11, -2.6376592e-11],
 [-1.3893348e-12, 1.3904601e-11, 1.3861327e-11, -2.6376592e-11],
 [-1.3893348e-12, 1.3904601e-11, 1.3861327e-11, -2.6376592e-11]]
param 48 name : Tensor[67](layernorm_gamma)(4)
param 48 grad : 
[5.5693912e-05, 0.00027570486, 0.00026870577, -0.00064523338]
param 49 name : Tensor[68](layernorm_beta)(4)
param 49 grad : 
[-3.2185504e-05, 0.00055575895, 0.0004950951, -0.0010186685]
param 50 name : Tensor[1130](w_q_w_linear)(4, 4)
param 50 grad : 
[[-6.1300296e-12, -9.7351165e-25, -9.7351165e-25, -9.7351165e-25],
 [1.9136821e-12, 3.3566004e-25, 3.3566004e-25, 3.3566004e-25],
 [1.9810971e-12, 3.0219144e-25, 3.0219144e-25, 3.0219144e-25],
 [2.2352504e-12, 3.3566004e-25, 3.3566004e-25, 3.3566004e-25]]
param 51 name : Tensor[1150](w_k_w_linear)(4, 4)
param 51 grad : 
[[-6.1275429e-12, 1.5560281e-28, 1.5560281e-28, 1.5560281e-28],
 [6.3847971e-10, -1.0312113e-26, -1.0312113e-26, -1.0312113e-26],
 [-3.2771563e-10, 5.5562925e-27, 5.5562925e-27, 5.5562925e-27],
 [-3.0463365e-10, 4.6001807e-27, 4.6001807e-27, 4.6001807e-27]]
param 52 name : Tensor[1170](w_v_w_linear)(4, 4)
param 52 grad : 
[[-5.0143313e-05, -3.7785143e-11, -3.7785143e-11, -3.7785143e-11],
 [1.6092519e-05, 1.2125925e-11, 1.2125925e-11, 1.2125925e-11],
 [1.6066335e-05, 1.2106924e-11, 1.2106924e-11, 1.2106924e-11],
 [1.7984456e-05, 1.3552292e-11, 1.3552292e-11, 1.3552292e-11]]
param 53 name : Tensor[1271](w_o_w_linear)(4, 4)
param 53 grad : 
[[-5.0143259e-05, 0.0008658421, 0.00077133102, -0.0015870298],
 [2.8776083e-12, -4.9688725e-11, -4.4264946e-11, 9.1076063e-11],
 [2.8776083e-12, -4.9688725e-11, -4.4264946e-11, 9.1076063e-11],
 [2.8776083e-12, -4.9688725e-11, -4.4264946e-11, 9.1076063e-11]]
param 54 name : Tensor[75](layernorm_gamma)(4)
param 54 grad : 
[5.1637129e-05, 0.00048322481, 0.00045545684, -0.00098806981]
param 55 name : Tensor[76](layernorm_beta)(4)
param 55 grad : 
[-2.9823668e-05, 0.00091609801, 0.00081880263, -0.0016136159]
param 56 name : Tensor[1299](ffn_dense1_w_linear)(4, 5)
param 56 grad : 
[[-5.1076029e-05, -1.2600752e-09, -1.2600752e-09, -1.2600752e-09, -1.2600752e-09],
 [1.616233e-05, 4.2079271e-10, 4.2079271e-10, 4.2079271e-10, 4.2079271e-10],
 [1.6801989e-05, 4.0350762e-10, 4.0350762e-10, 4.0350762e-10, 4.0350762e-10],
 [1.811171e-05, 4.3577494e-10, 4.3577494e-10, 4.3577494e-10, 4.3577494e-10]]
param 57 name : Tensor[1303](ffn_dense1_b_linear)(5)
param 57 grad : 
[2.9499599e-05, 7.2759576e-10, 7.2759576e-10, 7.2759576e-10, 7.2759576e-10]
param 58 name : Tensor[1317](ffn_dense2_w_linear)(5, 4)
param 58 grad : 
[[-5.1074792e-05, 0.0013813698, 0.0012302151, -0.0025605089],
 [-4.6224721e-13, -1.6134172e-12, 3.8185531e-11, -3.6109778e-11],
 [-4.6224721e-13, -1.6134172e-12, 3.8185531e-11, -3.6109778e-11],
 [-4.6224721e-13, -1.6134172e-12, 3.8185531e-11, -3.6109778e-11],
 [-4.6224721e-13, -1.6134172e-12, 3.8185531e-11, -3.6109778e-11]]
param 59 name : Tensor[1321](ffn_dense2_b_linear)(4)
param 59 grad : 
[-3.2776537e-05, 0.00088659546, 0.00078930013, -0.0016431183]
param 60 name : Tensor[83](layernorm_gamma)(4)
param 60 grad : 
[0.5808816, 7.8239388e-09, 7.2925257e-09, 7.4660189e-09]
param 61 name : Tensor[84](layernorm_beta)(4)
param 61 grad : 
[-0.33540726, 1.3038516e-08, 1.3038516e-08, 1.3038516e-08]
param 62 name : Tensor[1351](dense_w_linear)(4, 9)
param 62 grad : 
[[-0.64542401, 0.2971195, -0.13580567, -0.13580567, -0.13580567, -0.13580567, 0.29718697, 0.29718554, 0.29715466],
 [0.21152973, -0.092664748, 0.044508521, 0.044508521, 0.044508521, 0.044508521, -0.1017428, -0.099986002, -0.095170282],
 [0.21193077, -0.099834889, 0.044593059, 0.044593059, 0.044593059, 0.044593059, -0.095896944, -0.096206538, -0.098364636],
 [0.22196351, -0.10461983, 0.046704091, 0.046704091, 0.046704091, 0.046704091, -0.099547222, -0.10099304, -0.10361978]]
param 63 name : Tensor[1355](dense_b_linear)(9)
param 63 grad : 
[0.37267473, -0.17158434, 0.078415647, 0.078415647, 0.078415647, 0.078415647, -0.17158434, -0.17158434, -0.17158434]
