e : 1 loss : [2.5457318]
param 0 name : Tensor[1](embedding)(7, 4)
param 0 grad : 
[[0, 0, 0, 0],
 [-2.9183736e-08, 1.4223998e-07, 8.0511722e-09, -1.1950334e-07],
 [0, 0, 0, 0],
 [0, 0, 0, 0],
 [3.574578e-09, 8.9393879e-08, 2.1648749e-07, 8.9393879e-08],
 [-2.576726e-08, 1.2282797e-07, 4.2255646e-08, -1.3874948e-07],
 [-1.274934e-08, -1.5426954e-08, 7.8462982e-08, -9.680695e-08]]
param 1 name : Tensor[113](w_q_w_linear)(4, 4)
param 1 grad : 
[[6.0878702e-10, 2.7371775e-18, 2.7371775e-18, 2.7371775e-18],
 [8.5564311e-10, 1.1644417e-17, 1.1644417e-17, 1.1644417e-17],
 [1.1232038e-09, 3.2062298e-17, 3.2062298e-17, 3.2062298e-17],
 [1.6664057e-09, 4.7284969e-17, 4.7284969e-17, 4.7284969e-17]]
param 2 name : Tensor[133](w_k_w_linear)(4, 4)
param 2 grad : 
[[-1.6537189e-08, 1.7660769e-16, 1.7660769e-16, 1.7660769e-16],
 [6.2341257e-09, -3.1183862e-17, -3.1183862e-17, -3.1183862e-17],
 [-1.3454583e-10, 1.050844e-18, 1.050844e-18, 1.050844e-18],
 [5.2448063e-13, 5.2279269e-21, 5.2279269e-21, 5.2279269e-21]]
param 3 name : Tensor[153](w_v_w_linear)(4, 4)
param 3 grad : 
[[5.2338031e-08, -3.650543e-15, -3.650543e-15, -3.650543e-15],
 [1.6724768e-07, -4.5069204e-15, -4.5069204e-15, -4.5069204e-15],
 [1.1330092e-07, -3.5706344e-15, -3.5706344e-15, -3.5706344e-15],
 [1.6986586e-07, -5.3289807e-15, -5.3289807e-15, -5.3289807e-15]]
param 4 name : Tensor[254](w_o_w_linear)(4, 4)
param 4 grad : 
[[-3.0402785e-07, 9.0332378e-07, 9.2992201e-07, -1.529218e-06],
 [-3.6227198e-07, 1.0770516e-06, 1.1072736e-06, -1.8220533e-06],
 [-3.6227198e-07, 1.0770516e-06, 1.1072736e-06, -1.8220533e-06],
 [-3.6227198e-07, 1.0770516e-06, 1.1072736e-06, -1.8220533e-06]]
param 5 name : Tensor[6](layernorm_gamma)(4)
param 5 grad : 
[1.3296588e-07, 1.375477e-07, 2.1216518e-07, -4.8267844e-07]
param 6 name : Tensor[7](layernorm_beta)(4)
param 6 grad : 
[-7.7700292e-08, 4.6128298e-07, 4.7531776e-07, -6.2067636e-07]
param 7 name : Tensor[282](ffn_dense1_w_linear)(4, 5)
param 7 grad : 
[[-1.3150475e-07, 0, 0, 0, 0],
 [3.2109618e-08, 0, 0, 0, 0],
 [3.9334623e-08, 0, 0, 0, 0],
 [6.0060486e-08, 0, 0, 0, 0]]
param 8 name : Tensor[286](ffn_dense1_b_linear)(5)
param 8 grad : 
[7.6846469e-08, 0, 0, 0, 0]
param 9 name : Tensor[300](ffn_dense2_w_linear)(5, 4)
param 9 grad : 
[[-1.3150469e-07, 5.8939435e-07, 6.1701803e-07, -1.0749077e-06],
 [-3.7343582e-14, 1.2370081e-13, 2.7119577e-13, -3.5755302e-13],
 [-3.7343582e-14, 1.2370081e-13, 2.7119577e-13, -3.5755302e-13],
 [-3.7343582e-14, 1.2370081e-13, 2.7119577e-13, -3.5755302e-13],
 [-3.7343582e-14, 1.2370081e-13, 2.7119577e-13, -3.5755302e-13]]
param 10 name : Tensor[304](ffn_dense2_b_linear)(4)
param 10 grad : 
[-8.538494e-08, 3.8443653e-07, 3.9847129e-07, -6.9752286e-07]
param 11 name : Tensor[14](layernorm_gamma)(4)
param 11 grad : 
[1.2398586e-07, 2.9604581e-07, 3.6718117e-07, -7.0837984e-07]
param 12 name : Tensor[15](layernorm_beta)(4)
param 12 grad : 
[-7.1932746e-08, 7.2162607e-07, 7.4587081e-07, -1.0020901e-06]
param 13 name : Tensor[334](w_q_w_linear)(4, 4)
param 13 grad : 
[[-1.7578245e-12, -1.5271504e-27, -1.5271504e-27, -1.5271504e-27],
 [4.8770346e-13, 5.5535264e-28, 5.5535264e-28, 5.5535264e-28],
 [5.4893866e-13, 4.1644528e-28, 4.1644528e-28, 4.1644528e-28],
 [7.2118239e-13, 5.5535264e-28, 5.5535264e-28, 5.5535264e-28]]
param 14 name : Tensor[354](w_k_w_linear)(4, 4)
param 14 grad : 
[[-2.1089241e-12, 1.0687948e-30, 1.0687948e-30, 1.0687948e-30],
 [5.7537537e-11, -2.7292775e-30, -2.7292775e-30, -2.7292775e-30],
 [-2.878732e-11, 9.4324706e-30, 9.4324706e-30, 9.4324706e-30],
 [-2.66413e-11, -7.7717171e-30, -7.7717171e-30, -7.7717171e-30]]
param 15 name : Tensor[374](w_v_w_linear)(4, 4)
param 15 grad : 
[[-2.1900287e-07, -4.9039491e-14, -4.9039491e-14, -4.9039491e-14],
 [6.6031539e-08, 1.4775272e-14, 1.4775272e-14, 1.4775272e-14],
 [6.5660863e-08, 1.4708385e-14, 1.4708385e-14, 1.4708385e-14],
 [8.7310454e-08, 1.9555836e-14, 1.9555836e-14, 1.9555836e-14]]
param 16 name : Tensor[475](w_o_w_linear)(4, 4)
param 16 grad : 
[[-1.3141448e-07, 9.2350462e-07, 9.6115411e-07, -1.7532441e-06],
 [2.5220374e-15, -1.7723412e-14, -1.8445962e-14, 3.3647337e-14],
 [2.5220374e-15, -1.7723412e-14, -1.8445962e-14, 3.3647337e-14],
 [2.5220374e-15, -1.7723412e-14, -1.8445962e-14, 3.3647337e-14]]
param 17 name : Tensor[22](layernorm_gamma)(4)
param 17 grad : 
[1.3328264e-07, 4.6833645e-07, 5.5056739e-07, -1.1511265e-06]
param 18 name : Tensor[23](layernorm_beta)(4)
param 18 grad : 
[-7.7091514e-08, 1.0123351e-06, 1.0521245e-06, -1.7511437e-06]
param 19 name : Tensor[503](ffn_dense1_w_linear)(4, 5)
param 19 grad : 
[[-1.3178143e-07, 6.7376734e-12, 6.7376734e-12, 6.7376734e-12, 6.7376734e-12],
 [3.9385014e-08, -2.3069682e-12, -2.3069682e-12, -2.3069682e-12, -2.3069682e-12],
 [4.2180773e-08, -2.0189555e-12, -2.0189555e-12, -2.0189555e-12, -2.0189555e-12],
 [5.0215636e-08, -2.4117505e-12, -2.4117505e-12, -2.4117505e-12, -2.4117505e-12]]
param 20 name : Tensor[507](ffn_dense1_b_linear)(5)
param 20 grad : 
[7.6223216e-08, -3.8937742e-12, -3.8937742e-12, -3.8937742e-12, -3.8937742e-12]
param 21 name : Tensor[521](ffn_dense2_w_linear)(5, 4)
param 21 grad : 
[[-1.3179044e-07, 1.455556e-06, 1.5198251e-06, -2.8435988e-06],
 [-4.4955664e-15, 3.318461e-14, 6.9705092e-14, -9.83946e-14],
 [-4.4955664e-15, 3.318461e-14, 6.9705092e-14, -9.83946e-14],
 [-4.4955664e-15, 3.318461e-14, 6.9705092e-14, -9.83946e-14],
 [-4.4955664e-15, 3.318461e-14, 6.9705092e-14, -9.83946e-14]]
param 22 name : Tensor[525](ffn_dense2_b_linear)(4)
param 22 grad : 
[-8.4698257e-08, 9.3612744e-07, 9.7591692e-07, -1.8273513e-06]
param 23 name : Tensor[30](layernorm_gamma)(4)
param 23 grad : 
[-3.0217787e-05, 9.6982461e-05, 9.6817013e-05, 0.00010837625]
param 24 name : Tensor[31](layernorm_beta)(4)
param 24 grad : 
[1.7456325e-05, 0.00017456201, 0.00017456201, 0.00017456201]
param 25 name : Tensor[38](embedding)(9, 4)
param 25 grad : 
[[0, 0, 0, 0],
 [0, 0, 0, 0],
 [0, 0, 0, 0],
 [6.8922445e-06, 8.4595405e-05, 0.00012322102, 8.4595405e-05],
 [0, 0, 0, 0],
 [0, 0, 0, 0],
 [-4.8024822e-06, -1.2245846e-05, 1.7649949e-05, -3.8158498e-05],
 [-9.6149097e-06, 4.341816e-05, 1.5036449e-05, -4.8724494e-05],
 [-1.5191838e-05, 6.3368891e-05, 4.5653169e-06, -5.1330826e-05]]
param 26 name : Tensor[571](w_q_w_linear)(4, 4)
param 26 grad : 
[[7.559396e-07, -1.8295141e-14, -1.8295141e-14, -1.8295141e-14],
 [5.1633657e-07, -1.1224664e-14, -1.1224664e-14, -1.1224664e-14],
 [7.8590483e-07, -2.1163538e-14, -2.1163538e-14, -2.1163538e-14],
 [1.1641623e-06, -3.1285057e-14, -3.1285057e-14, -3.1285057e-14]]
param 27 name : Tensor[591](w_k_w_linear)(4, 4)
param 27 grad : 
[[-1.5495243e-05, 2.9224322e-15, 2.9224322e-15, 2.9224322e-15],
 [5.0464864e-06, -1.2706461e-13, -1.2706461e-13, -1.2706461e-13],
 [-1.0857486e-07, 1.3282842e-15, 1.3282842e-15, 1.3282842e-15],
 [4.3631676e-10, 1.701913e-16, 1.701913e-16, 1.701913e-16]]
param 28 name : Tensor[611](w_v_w_linear)(4, 4)
param 28 grad : 
[[3.1777268e-05, -2.09714e-11, -2.09714e-11, -2.09714e-11],
 [0.00012413316, -2.8126147e-11, -2.8126147e-11, -2.8126147e-11],
 [8.419645e-05, -2.1928077e-11, -2.1928077e-11, -2.1928077e-11],
 [0.00012622632, -3.2741303e-11, -3.2741303e-11, -3.2741303e-11]]
param 29 name : Tensor[712](w_o_w_linear)(4, 4)
param 29 grad : 
[[-0.00012525756, 0.00037766178, 0.00030372271, -0.00055612694],
 [-0.00014826914, 0.00045758381, 0.000349059, -0.0006583737],
 [-0.00014826914, 0.00045758381, 0.000349059, -0.0006583737],
 [-0.00014826914, 0.00045758381, 0.000349059, -0.0006583737]]
param 30 name : Tensor[43](layernorm_gamma)(4)
param 30 grad : 
[5.5400949e-05, 3.468019e-05, 5.6070352e-05, -0.00019173838]
param 31 name : Tensor[44](layernorm_beta)(4)
param 31 grad : 
[-3.2512122e-05, 0.00014342407, 0.0001283622, -0.00023927412]
param 32 name : Tensor[740](w_q_w_linear)(4, 4)
param 32 grad : 
[[-2.0846507e-11, 8.7093104e-25, 8.7093104e-25, 8.7093104e-25],
 [4.525459e-12, -1.1650568e-25, -1.1650568e-25, -1.1650568e-25],
 [6.3310416e-12, -3.0085853e-25, -3.0085853e-25, -3.0085853e-25],
 [9.9900019e-12, -4.5356761e-25, -4.5356761e-25, -4.5356761e-25]]
param 33 name : Tensor[760](w_k_w_linear)(4, 4)
param 33 grad : 
[[-2.8080649e-11, 2.178045e-27, 2.178045e-27, 2.178045e-27],
 [2.5375781e-09, -1.4436963e-25, -1.4436963e-25, -1.4436963e-25],
 [-1.3006609e-09, 7.7787898e-26, 7.7787898e-26, 7.7787898e-26],
 [-1.2088321e-09, 6.4402604e-26, 6.4402604e-26, 6.4402604e-26]]
param 34 name : Tensor[780](w_v_w_linear)(4, 4)
param 34 grad : 
[[-0.00015174552, 3.4636384e-11, 3.4636384e-11, 3.4636384e-11],
 [4.8699738e-05, -1.1115431e-11, -1.1115431e-11, -1.1115431e-11],
 [4.8620546e-05, -1.1098013e-11, -1.1098013e-11, -1.1098013e-11],
 [5.4425229e-05, -1.2422934e-11, -1.2422934e-11, -1.2422934e-11]]
param 35 name : Tensor[881](w_o_w_linear)(4, 4)
param 35 grad : 
[[-5.0652117e-05, 0.00022344684, 0.00019998131, -0.00037277603],
 [2.9068104e-12, -1.2823109e-11, -1.1476475e-11, 2.1392773e-11],
 [2.9068104e-12, -1.2823109e-11, -1.1476475e-11, 2.1392773e-11],
 [2.9068104e-12, -1.2823109e-11, -1.1476475e-11, 2.1392773e-11]]
param 36 name : Tensor[51](layernorm_gamma)(4)
param 36 grad : 
[5.0717412e-05, 9.5162643e-05, 0.00011332732, -0.00025920704]
param 37 name : Tensor[52](layernorm_beta)(4)
param 37 grad : 
[-2.9466915e-05, 0.00025191257, 0.0002285355, -0.00036063773]
param 38 name : Tensor[909](ffn_dense1_w_linear)(4, 5)
param 38 grad : 
[[-5.0160037e-05, 1.2575612e-11, 1.2575612e-11, 1.2575612e-11, 1.2575612e-11],
 [1.3170249e-05, -4.223693e-12, -4.223693e-12, -4.223693e-12, -4.223693e-12],
 [1.5820782e-05, -3.5071856e-12, -3.5071856e-12, -3.5071856e-12, -3.5071856e-12],
 [2.1169006e-05, -4.844734e-12, -4.844734e-12, -4.844734e-12, -4.844734e-12]]
param 39 name : Tensor[913](ffn_dense1_b_linear)(5)
param 39 grad : 
[2.9143081e-05, -7.2759576e-12, -7.2759576e-12, -7.2759576e-12, -7.2759576e-12]
param 40 name : Tensor[927](ffn_dense2_w_linear)(5, 4)
param 40 grad : 
[[-5.0160026e-05, 0.00034431543, 0.00030999404, -0.00060414942],
 [-8.9413893e-13, -5.5782462e-13, 1.8713581e-11, -1.7261619e-11],
 [-8.9413893e-13, -5.5782462e-13, 1.8713581e-11, -1.7261619e-11],
 [-8.9413893e-13, -5.5782462e-13, 1.8713581e-11, -1.7261619e-11],
 [-8.9413893e-13, -5.5782462e-13, 1.8713581e-11, -1.7261619e-11]]
param 41 name : Tensor[931](ffn_dense2_b_linear)(4)
param 41 grad : 
[-3.2381191e-05, 0.00022276952, 0.00019939247, -0.00038978079]
param 42 name : Tensor[59](layernorm_gamma)(4)
param 42 grad : 
[4.060036e-05, 0.00020491262, 0.00020910254, -0.00036438339]
param 43 name : Tensor[60](layernorm_beta)(4)
param 43 grad : 
[-2.3507508e-05, 0.0004368893, 0.00039907536, -0.00054292311]
param 44 name : Tensor[961](w_q_w_linear)(4, 4)
param 44 grad : 
[[-2.3809413e-10, -5.0195364e-26, -5.0195364e-26, -5.0195364e-26],
 [6.3895243e-11, 1.3292209e-26, 1.3292209e-26, 1.3292209e-26],
 [7.9136656e-11, 1.6789431e-26, 1.6789431e-26, 1.6789431e-26],
 [9.506225e-11, 2.0113727e-26, 2.0113727e-26, 2.0113727e-26]]
param 45 name : Tensor[981](w_k_w_linear)(4, 4)
param 45 grad : 
[[-3.1747049e-10, 8.4885747e-29, 8.4885747e-29, 8.4885747e-29],
 [1.0971659e-08, -2.2457607e-27, -2.2457607e-27, -2.2457607e-27],
 [-4.7646296e-09, 1.1538131e-27, 1.1538131e-27, 1.1538131e-27],
 [-5.8895644e-09, 1.0070618e-27, 1.0070618e-27, 1.0070618e-27]]
param 46 name : Tensor[1001](w_v_w_linear)(4, 4)
param 46 grad : 
[[-0.00015038639, -7.5480046e-11, -7.5480046e-11, -7.5480046e-11],
 [4.8552098e-05, 2.3406463e-11, 2.3406463e-11, 2.3406463e-11],
 [4.6182202e-05, 2.3599305e-11, 2.3599305e-11, 2.3599305e-11],
 [5.5652083e-05, 2.8474278e-11, 2.8474278e-11, 2.8474278e-11]]
param 47 name : Tensor[1102](w_o_w_linear)(4, 4)
param 47 grad : 
[[-5.0128772e-05, 0.00054457586, 0.00048614613, -0.00098059326],
 [-1.3893348e-12, 1.3904601e-11, 1.3861327e-11, -2.6376592e-11],
 [-1.3893348e-12, 1.3904601e-11, 1.3861327e-11, -2.6376592e-11],
 [-1.3893348e-12, 1.3904601e-11, 1.3861327e-11, -2.6376592e-11]]
param 48 name : Tensor[67](layernorm_gamma)(4)
param 48 grad : 
[5.5693912e-05, 0.00027570486, 0.00026870577, -0.00064523338]
param 49 name : Tensor[68](layernorm_beta)(4)
param 49 grad : 
[-3.2185504e-05, 0.00055575895, 0.0004950951, -0.0010186685]
param 50 name : Tensor[1130](w_q_w_linear)(4, 4)
param 50 grad : 
[[-1.8390088e-11, -2.9205348e-24, -2.9205348e-24, -2.9205348e-24],
 [5.7410465e-12, 1.0069802e-24, 1.0069802e-24, 1.0069802e-24],
 [5.9432919e-12, 9.0657434e-25, 9.0657434e-25, 9.0657434e-25],
 [6.705751e-12, 1.0069802e-24, 1.0069802e-24, 1.0069802e-24]]
param 51 name : Tensor[1150](w_k_w_linear)(4, 4)
param 51 grad : 
[[-2.4510172e-11, 6.2241125e-28, 6.2241125e-28, 6.2241125e-28],
 [2.5539189e-09, -4.1248452e-26, -4.1248452e-26, -4.1248452e-26],
 [-1.3108625e-09, 2.222517e-26, 2.222517e-26, 2.222517e-26],
 [-1.2185346e-09, 1.8400723e-26, 1.8400723e-26, 1.8400723e-26]]
param 52 name : Tensor[1170](w_v_w_linear)(4, 4)
param 52 grad : 
[[-0.00015042994, -1.1335544e-10, -1.1335544e-10, -1.1335544e-10],
 [4.8277554e-05, 3.6377776e-11, 3.6377776e-11, 3.6377776e-11],
 [4.819901e-05, 3.6320773e-11, 3.6320773e-11, 3.6320773e-11],
 [5.3953368e-05, 4.0656874e-11, 4.0656874e-11, 4.0656874e-11]]
param 53 name : Tensor[1271](w_o_w_linear)(4, 4)
param 53 grad : 
[[-5.0143259e-05, 0.0008658421, 0.00077133102, -0.0015870298],
 [2.8776083e-12, -4.9688725e-11, -4.4264946e-11, 9.1076063e-11],
 [2.8776083e-12, -4.9688725e-11, -4.4264946e-11, 9.1076063e-11],
 [2.8776083e-12, -4.9688725e-11, -4.4264946e-11, 9.1076063e-11]]
param 54 name : Tensor[75](layernorm_gamma)(4)
param 54 grad : 
[5.1637129e-05, 0.00048322481, 0.00045545684, -0.00098806981]
param 55 name : Tensor[76](layernorm_beta)(4)
param 55 grad : 
[-2.9823668e-05, 0.00091609801, 0.00081880263, -0.0016136159]
param 56 name : Tensor[1299](ffn_dense1_w_linear)(4, 5)
param 56 grad : 
[[-5.1076029e-05, -1.2600752e-09, -1.2600752e-09, -1.2600752e-09, -1.2600752e-09],
 [1.616233e-05, 4.2079271e-10, 4.2079271e-10, 4.2079271e-10, 4.2079271e-10],
 [1.6801989e-05, 4.0350762e-10, 4.0350762e-10, 4.0350762e-10, 4.0350762e-10],
 [1.811171e-05, 4.3577494e-10, 4.3577494e-10, 4.3577494e-10, 4.3577494e-10]]
param 57 name : Tensor[1303](ffn_dense1_b_linear)(5)
param 57 grad : 
[2.9499599e-05, 7.2759576e-10, 7.2759576e-10, 7.2759576e-10, 7.2759576e-10]
param 58 name : Tensor[1317](ffn_dense2_w_linear)(5, 4)
param 58 grad : 
[[-5.1074792e-05, 0.0013813698, 0.0012302151, -0.0025605089],
 [-4.6224721e-13, -1.6134172e-12, 3.8185531e-11, -3.6109778e-11],
 [-4.6224721e-13, -1.6134172e-12, 3.8185531e-11, -3.6109778e-11],
 [-4.6224721e-13, -1.6134172e-12, 3.8185531e-11, -3.6109778e-11],
 [-4.6224721e-13, -1.6134172e-12, 3.8185531e-11, -3.6109778e-11]]
param 59 name : Tensor[1321](ffn_dense2_b_linear)(4)
param 59 grad : 
[-3.2776537e-05, 0.00088659546, 0.00078930013, -0.0016431183]
param 60 name : Tensor[83](layernorm_gamma)(4)
param 60 grad : 
[0.5808816, 7.8239388e-09, 7.2925257e-09, 7.4660189e-09]
param 61 name : Tensor[84](layernorm_beta)(4)
param 61 grad : 
[-0.33540726, 1.3038516e-08, 1.3038516e-08, 1.3038516e-08]
param 62 name : Tensor[1351](dense_w_linear)(4, 9)
param 62 grad : 
[[-0.64542401, 0.2971195, -0.13580567, -0.13580567, -0.13580567, -0.13580567, 0.29718697, 0.29718554, 0.29715466],
 [0.21152973, -0.092664748, 0.044508521, 0.044508521, 0.044508521, 0.044508521, -0.1017428, -0.099986002, -0.095170282],
 [0.21193077, -0.099834889, 0.044593059, 0.044593059, 0.044593059, 0.044593059, -0.095896944, -0.096206538, -0.098364636],
 [0.22196351, -0.10461983, 0.046704091, 0.046704091, 0.046704091, 0.046704091, -0.099547222, -0.10099304, -0.10361978]]
param 63 name : Tensor[1355](dense_b_linear)(9)
param 63 grad : 
[0.37267473, -0.17158434, 0.078415647, 0.078415647, 0.078415647, 0.078415647, -0.17158434, -0.17158434, -0.17158434]
