c_tensor 0 name : Tensor[15](res_at)(2, 10)
c_tensor 0 value : 
[[0.11, 0.2, 0.2, 0.2, 0.2, 0.2, 0.2, 0.2, 0.2, 0.2],
 [0.22, 0.4, 0.4, 0.4, 0.4, 0.4, 0.4, 0.4, 0.4, 0.4]]
c_tensor 1 name : Tensor[23](res_at_reshape_reshape_permute_reshape_deep_copy)(4, 1, 5)
c_tensor 1 value : 
[[[0.11, 0.2, 0.2, 0.2, 0.2]],

 [[0.2, 0.2, 0.2, 0.2, 0.2]],

 [[0.22, 0.4, 0.4, 0.4, 0.4]],

 [[0.4, 0.4, 0.4, 0.4, 0.4]]]
c_tensor 2 name : Tensor[24](INT32)(res_at_reshape_reshape_permute_reshape_deep_copy_shape)(4)
c_tensor 2 value : 
[2, 2, 1, 5]
c_tensor 3 name : Tensor[25](INT32)(res_at_reshape_reshape_permute_reshape_deep_copy_strides)(4)
c_tensor 3 value : 
[10, 5, 10, 1]
c_tensor 4 name : Tensor[26](res_at_grad_reshape_reshape_permute_reshape_deep_copy)(4, 1, 5)
c_tensor 4 value : 
[[[0.00171313, 0.00311477, 0.00311477, 0.00311477, 0.00311477]],

 [[2.99281e-09, 2.99281e-09, 2.99281e-09, 2.99281e-09, 2.99281e-09]],

 [[0.00840805, 0.0152874, 0.0152874, 0.0152874, 0.0152874]],

 [[1.45946e-08, 1.45946e-08, 1.45946e-08, 1.45946e-08, 1.45946e-08]]]
c_tensor 5 name : Tensor[27](INT32)(res_at_grad_reshape_reshape_permute_reshape_deep_copy_shape)(4)
c_tensor 5 value : 
[2, 2, 1, 5]
c_tensor 6 name : Tensor[28](INT32)(res_at_grad_reshape_reshape_permute_reshape_deep_copy_strides)(4)
c_tensor 6 value : 
[10, 5, 10, 1]
c_tensor 7 name : Tensor[35](res_at)(10, 10)
c_tensor 7 value : 
[[1.21, 2.2, 2.2, 2.2, 2.2, 2.2, 2.2, 2.2, 2.2, 2.2],
 [1.32, 2.4, 2.4, 2.4, 2.4, 2.4, 2.4, 2.4, 2.4, 2.4],
 [1.43, 2.6, 2.6, 2.6, 2.6, 2.6, 2.6, 2.6, 2.6, 2.6],
 [1.54, 2.8, 2.8, 2.8, 2.8, 2.8, 2.8, 2.8, 2.8, 2.8],
 [1.65, 3, 3, 3, 3, 3, 3, 3, 3, 3],
 [2.31, 4.2, 4.2, 4.2, 4.2, 4.2, 4.2, 4.2, 4.2, 4.2],
 [2.42, 4.4, 4.4, 4.4, 4.4, 4.4, 4.4, 4.4, 4.4, 4.4],
 [2.53, 4.6, 4.6, 4.6, 4.6, 4.6, 4.6, 4.6, 4.6, 4.6],
 [2.64, 4.8, 4.8, 4.8, 4.8, 4.8, 4.8, 4.8, 4.8, 4.8],
 [2.75, 5, 5, 5, 5, 5, 5, 5, 5, 5]]
c_tensor 8 name : Tensor[43](res_at_reshape_reshape_permute_reshape_deep_copy)(4, 5, 5)
c_tensor 8 value : 
[[[1.21, 2.2, 2.2, 2.2, 2.2],
  [1.32, 2.4, 2.4, 2.4, 2.4],
  [1.43, 2.6, 2.6, 2.6, 2.6],
  [1.54, 2.8, 2.8, 2.8, 2.8],
  [1.65, 3, 3, 3, 3]],

 [[2.2, 2.2, 2.2, 2.2, 2.2],
  [2.4, 2.4, 2.4, 2.4, 2.4],
  [2.6, 2.6, 2.6, 2.6, 2.6],
  [2.8, 2.8, 2.8, 2.8, 2.8],
  [3, 3, 3, 3, 3]],

 [[2.31, 4.2, 4.2, 4.2, 4.2],
  [2.42, 4.4, 4.4, 4.4, 4.4],
  [2.53, 4.6, 4.6, 4.6, 4.6],
  [2.64, 4.8, 4.8, 4.8, 4.8],
  [2.75, 5, 5, 5, 5]],

 [[4.2, 4.2, 4.2, 4.2, 4.2],
  [4.4, 4.4, 4.4, 4.4, 4.4],
  [4.6, 4.6, 4.6, 4.6, 4.6],
  [4.8, 4.8, 4.8, 4.8, 4.8],
  [5, 5, 5, 5, 5]]]
c_tensor 9 name : Tensor[44](INT32)(res_at_reshape_reshape_permute_reshape_deep_copy_shape)(4)
c_tensor 9 value : 
[2, 2, 5, 5]
c_tensor 10 name : Tensor[45](INT32)(res_at_reshape_reshape_permute_reshape_deep_copy_strides)(4)
c_tensor 10 value : 
[50, 5, 10, 1]
c_tensor 11 name : Tensor[46](res_at_grad_reshape_reshape_permute_reshape_deep_copy)(4, 5, 5)
c_tensor 11 value : 
[[[-0.00171306, -0.00311465, -0.00311465, -0.00311465, -0.00311465],
  [0.00171306, 0.00311466, 0.00311466, 0.00311466, 0.00311466],
  [0, 0, 0, 0, 0],
  [0, 0, 0, 0, 0],
  [0, 0, 0, 0, 0]],

 [[-2.99281e-09, -2.99281e-09, -2.99281e-09, -2.99281e-09, -2.99281e-09],
  [2.99281e-09, 2.99281e-09, 2.99281e-09, 2.99281e-09, 2.99281e-09],
  [0, 0, 0, 0, 0],
  [0, 0, 0, 0, 0],
  [0, 0, 0, 0, 0]],

 [[-0.00453881, -0.00825238, -0.00825238, -0.00825238, -0.00825238],
  [-0.00216361, -0.00393384, -0.00393384, -0.00393384, -0.00393384],
  [0.00112783, 0.0020506, 0.0020506, 0.0020506, 0.0020506],
  [0.0055746, 0.0101356, 0.0101356, 0.0101356, 0.0101356],
  [0, 0, 0, 0, 0]],

 [[-7.73982e-09, -7.73982e-09, -7.73982e-09, -7.73982e-09, -7.73982e-09],
  [-3.87957e-09, -3.87957e-09, -3.87957e-09, -3.87957e-09, -3.87957e-09],
  [1.78993e-09, 1.78993e-09, 1.78993e-09, 1.78993e-09, 1.78993e-09],
  [9.82948e-09, 9.82948e-09, 9.82948e-09, 9.82948e-09, 9.82948e-09],
  [0, 0, 0, 0, 0]]]
c_tensor 12 name : Tensor[47](INT32)(res_at_grad_reshape_reshape_permute_reshape_deep_copy_shape)(4)
c_tensor 12 value : 
[2, 2, 5, 5]
c_tensor 13 name : Tensor[48](INT32)(res_at_grad_reshape_reshape_permute_reshape_deep_copy_strides)(4)
c_tensor 13 value : 
[50, 5, 10, 1]
c_tensor 14 name : Tensor[55](res_at)(10, 10)
c_tensor 14 value : 
[[9.61, 12.4, 12.4, 12.4, 12.4, 12.4, 12.4, 12.4, 12.4, 12.4],
 [9.92, 12.8, 12.8, 12.8, 12.8, 12.8, 12.8, 12.8, 12.8, 12.8],
 [10.23, 13.2, 13.2, 13.2, 13.2, 13.2, 13.2, 13.2, 13.2, 13.2],
 [10.54, 13.6, 13.6, 13.6, 13.6, 13.6, 13.6, 13.6, 13.6, 13.6],
 [10.85, 14, 14, 14, 14, 14, 14, 14, 14, 14],
 [12.71, 16.4, 16.4, 16.4, 16.4, 16.4, 16.4, 16.4, 16.4, 16.4],
 [13.02, 16.8, 16.8, 16.8, 16.8, 16.8, 16.8, 16.8, 16.8, 16.8],
 [13.33, 17.2, 17.2, 17.2, 17.2, 17.2, 17.2, 17.2, 17.2, 17.2],
 [13.64, 17.6, 17.6, 17.6, 17.6, 17.6, 17.6, 17.6, 17.6, 17.6],
 [13.95, 18, 18, 18, 18, 18, 18, 18, 18, 18]]
c_tensor 15 name : Tensor[63](res_at_reshape_reshape_permute_reshape_deep_copy)(4, 5, 5)
c_tensor 15 value : 
[[[9.61, 12.4, 12.4, 12.4, 12.4],
  [9.92, 12.8, 12.8, 12.8, 12.8],
  [10.23, 13.2, 13.2, 13.2, 13.2],
  [10.54, 13.6, 13.6, 13.6, 13.6],
  [10.85, 14, 14, 14, 14]],

 [[12.4, 12.4, 12.4, 12.4, 12.4],
  [12.8, 12.8, 12.8, 12.8, 12.8],
  [13.2, 13.2, 13.2, 13.2, 13.2],
  [13.6, 13.6, 13.6, 13.6, 13.6],
  [14, 14, 14, 14, 14]],

 [[12.71, 16.4, 16.4, 16.4, 16.4],
  [13.02, 16.8, 16.8, 16.8, 16.8],
  [13.33, 17.2, 17.2, 17.2, 17.2],
  [13.64, 17.6, 17.6, 17.6, 17.6],
  [13.95, 18, 18, 18, 18]],

 [[16.4, 16.4, 16.4, 16.4, 16.4],
  [16.8, 16.8, 16.8, 16.8, 16.8],
  [17.2, 17.2, 17.2, 17.2, 17.2],
  [17.6, 17.6, 17.6, 17.6, 17.6],
  [18, 18, 18, 18, 18]]]
c_tensor 16 name : Tensor[64](INT32)(res_at_reshape_reshape_permute_reshape_deep_copy_shape)(4)
c_tensor 16 value : 
[2, 2, 5, 5]
c_tensor 17 name : Tensor[65](INT32)(res_at_reshape_reshape_permute_reshape_deep_copy_strides)(4)
c_tensor 17 value : 
[50, 5, 10, 1]
c_tensor 18 name : Tensor[66](res_at_grad_reshape_reshape_permute_reshape_deep_copy)(4, 5, 5)
c_tensor 18 value : 
[[[0.216342, 3.2238e-08, 3.2238e-08, 3.2238e-08, 3.2238e-08],
  [0.23365, 3.48172e-08, 3.48172e-08, 3.48172e-08, 3.48172e-08],
  [0, 0, 0, 0, 0],
  [0, 0, 0, 0, 0],
  [0, 0, 0, 0, 0]],

 [[3.20292e-08, 3.20292e-08, 3.20292e-08, 3.20292e-08, 3.20292e-08],
  [3.5026e-08, 3.5026e-08, 3.5026e-08, 3.5026e-08, 3.5026e-08],
  [0, 0, 0, 0, 0],
  [0, 0, 0, 0, 0],
  [0, 0, 0, 0, 0]],

 [[0.0879964, 1.31125e-08, 1.31125e-08, 1.31125e-08, 1.31125e-08],
  [0.10264, 1.52946e-08, 1.52946e-08, 1.52946e-08, 1.52946e-08],
  [0.11972, 1.78397e-08, 1.78397e-08, 1.78397e-08, 1.78397e-08],
  [0.139643, 2.08084e-08, 2.08084e-08, 2.08084e-08, 2.08084e-08],
  [0, 0, 0, 0, 0]],

 [[1.25659e-08, 1.25659e-08, 1.25659e-08, 1.25659e-08, 1.25659e-08],
  [1.50273e-08, 1.50273e-08, 1.50273e-08, 1.50273e-08, 1.50273e-08],
  [1.79709e-08, 1.79709e-08, 1.79709e-08, 1.79709e-08, 1.79709e-08],
  [2.14911e-08, 2.14911e-08, 2.14911e-08, 2.14911e-08, 2.14911e-08],
  [0, 0, 0, 0, 0]]]
c_tensor 19 name : Tensor[67](INT32)(res_at_grad_reshape_reshape_permute_reshape_deep_copy_shape)(4)
c_tensor 19 value : 
[2, 2, 5, 5]
c_tensor 20 name : Tensor[68](INT32)(res_at_grad_reshape_reshape_permute_reshape_deep_copy_strides)(4)
c_tensor 20 value : 
[50, 5, 10, 1]
c_tensor 21 name : Tensor[69](INT32)(valid_lens_repeat_interleave)(4)
c_tensor 21 value : 
[2, 2, 4, 4]
c_tensor 22 name : Tensor[72](res_at_reshape_reshape_permute_reshape_deep_copy_transpose_reshape_deep_copy)(4, 5, 5)
c_tensor 22 value : 
[[[1.21, 1.32, 1.43, 1.54, 1.65],
  [2.2, 2.4, 2.6, 2.8, 3],
  [2.2, 2.4, 2.6, 2.8, 3],
  [2.2, 2.4, 2.6, 2.8, 3],
  [2.2, 2.4, 2.6, 2.8, 3]],

 [[2.2, 2.4, 2.6, 2.8, 3],
  [2.2, 2.4, 2.6, 2.8, 3],
  [2.2, 2.4, 2.6, 2.8, 3],
  [2.2, 2.4, 2.6, 2.8, 3],
  [2.2, 2.4, 2.6, 2.8, 3]],

 [[2.31, 2.42, 2.53, 2.64, 2.75],
  [4.2, 4.4, 4.6, 4.8, 5],
  [4.2, 4.4, 4.6, 4.8, 5],
  [4.2, 4.4, 4.6, 4.8, 5],
  [4.2, 4.4, 4.6, 4.8, 5]],

 [[4.2, 4.4, 4.6, 4.8, 5],
  [4.2, 4.4, 4.6, 4.8, 5],
  [4.2, 4.4, 4.6, 4.8, 5],
  [4.2, 4.4, 4.6, 4.8, 5],
  [4.2, 4.4, 4.6, 4.8, 5]]]
c_tensor 23 name : Tensor[73](INT32)(res_at_reshape_reshape_permute_reshape_deep_copy_transpose_reshape_deep_copy_shape)(3)
c_tensor 23 value : 
[4, 5, 5]
c_tensor 24 name : Tensor[74](INT32)(res_at_reshape_reshape_permute_reshape_deep_copy_transpose_reshape_deep_copy_strides)(3)
c_tensor 24 value : 
[25, 1, 5]
c_tensor 25 name : Tensor[75](res_at_grad_reshape_reshape_permute_reshape_deep_copy_transpose_reshape_deep_copy)(4, 5, 5)
c_tensor 25 value : 
[[[-0.00171306, 0.00171306, 0, 0, 0],
  [-0.00311465, 0.00311466, 0, 0, 0],
  [-0.00311465, 0.00311466, 0, 0, 0],
  [-0.00311465, 0.00311466, 0, 0, 0],
  [-0.00311465, 0.00311466, 0, 0, 0]],

 [[-2.99281e-09, 2.99281e-09, 0, 0, 0],
  [-2.99281e-09, 2.99281e-09, 0, 0, 0],
  [-2.99281e-09, 2.99281e-09, 0, 0, 0],
  [-2.99281e-09, 2.99281e-09, 0, 0, 0],
  [-2.99281e-09, 2.99281e-09, 0, 0, 0]],

 [[-0.00453881, -0.00216361, 0.00112783, 0.0055746, 0],
  [-0.00825238, -0.00393384, 0.0020506, 0.0101356, 0],
  [-0.00825238, -0.00393384, 0.0020506, 0.0101356, 0],
  [-0.00825238, -0.00393384, 0.0020506, 0.0101356, 0],
  [-0.00825238, -0.00393384, 0.0020506, 0.0101356, 0]],

 [[-7.73982e-09, -3.87957e-09, 1.78993e-09, 9.82948e-09, 0],
  [-7.73982e-09, -3.87957e-09, 1.78993e-09, 9.82948e-09, 0],
  [-7.73982e-09, -3.87957e-09, 1.78993e-09, 9.82948e-09, 0],
  [-7.73982e-09, -3.87957e-09, 1.78993e-09, 9.82948e-09, 0],
  [-7.73982e-09, -3.87957e-09, 1.78993e-09, 9.82948e-09, 0]]]
c_tensor 26 name : Tensor[76](INT32)(res_at_grad_reshape_reshape_permute_reshape_deep_copy_transpose_reshape_deep_copy_shape)(3)
c_tensor 26 value : 
[4, 5, 5]
c_tensor 27 name : Tensor[77](INT32)(res_at_grad_reshape_reshape_permute_reshape_deep_copy_transpose_reshape_deep_copy_strides)(3)
c_tensor 27 value : 
[25, 1, 5]
c_tensor 28 name : Tensor[94](bmm_res_res_at_reshape_reshape_permute_reshape_deep_copy_res_at_reshape_reshape_permute_reshape_deep_copy_transpose_reshape_deep_copy)(4, 1, 5)
c_tensor 28 value : 
[[[1.8931, 2.0652, 2.2373, 2.4094, 2.5815]],

 [[2.2, 2.4, 2.6, 2.8, 3]],

 [[7.2282, 7.5724, 7.9166, 8.2608, 8.605]],

 [[8.4, 8.8, 9.2, 9.6, 10]]]
c_tensor 29 name : Tensor[104](div_res)(4, 1, 5)
c_tensor 29 value : 
[[[0.84662, 0.923586, 1.00055, 1.07752, 1.15448]],

 [[0.98387, 1.07331, 1.16276, 1.2522, 1.34164]],

 [[3.23255, 3.38648, 3.54041, 3.69434, 3.84827]],

 [[3.75659, 3.93548, 4.11437, 4.29325, 4.47214]]]
c_tensor 30 name : Tensor[106](INT32)(valid_lens_repeat_interleave_repeat_interleave)(4)
c_tensor 30 value : 
[2, 2, 4, 4]
c_tensor 31 name : Tensor[109](div_res_reshape_sequence_mask)(4, 5)
c_tensor 31 value : 
[[0.84662, 0.923586, -1e+06, -1e+06, -1e+06],
 [0.98387, 1.07331, -1e+06, -1e+06, -1e+06],
 [3.23255, 3.38648, 3.54041, 3.69434, -1e+06],
 [3.75659, 3.93548, 4.11437, 4.29325, -1e+06]]
c_tensor 32 name : Tensor[112](div_res_reshape_sequence_mask_reshape_softmax)(4, 1, 5)
c_tensor 32 value : 
[[[0.480768, 0.519232, 0, 0, 0]],

 [[0.477654, 0.522346, 0, 0, 0]],

 [[0.195548, 0.228089, 0.266045, 0.310318, 0]],

 [[0.187396, 0.224104, 0.268002, 0.320499, 0]]]
c_tensor 33 name : Tensor[130](bmm_res_div_res_reshape_sequence_mask_reshape_softmax_res_at_reshape_reshape_permute_reshape_deep_copy)(4, 1, 5)
c_tensor 33 value : 
[[[9.77096, 12.6077, 12.6077, 12.6077, 12.6077]],

 [[12.6089, 12.6089, 12.6089, 12.6089, 12.6089]],

 [[13.2343, 17.0765, 17.0765, 17.0765, 17.0765]],

 [[17.0886, 17.0886, 17.0886, 17.0886, 17.0886]]]
c_tensor 34 name : Tensor[144](bmm_res_div_res_reshape_sequence_mask_reshape_softmax_res_at_reshape_reshape_permute_reshape_deep_copy_reshape_permute_reshape_deep_copy)(2, 1, 10)
c_tensor 34 value : 
[[[9.77096, 12.6077, 12.6077, 12.6077, 12.6077, 12.6089, 12.6089, 12.6089, 12.6089, 12.6089]],

 [[13.2343, 17.0765, 17.0765, 17.0765, 17.0765, 17.0886, 17.0886, 17.0886, 17.0886, 17.0886]]]
c_tensor 35 name : Tensor[145](INT32)(bmm_res_div_res_reshape_sequence_mask_reshape_softmax_res_at_reshape_reshape_permute_reshape_deep_copy_reshape_permute_reshape_deep_copy_shape)(4)
c_tensor 35 value : 
[2, 1, 2, 5]
c_tensor 36 name : Tensor[146](INT32)(bmm_res_div_res_reshape_sequence_mask_reshape_softmax_res_at_reshape_reshape_permute_reshape_deep_copy_reshape_permute_reshape_deep_copy_strides)(4)
c_tensor 36 value : 
[10, 5, 5, 1]
c_tensor 37 name : Tensor[147](bmm_res_div_res_reshape_sequence_mask_reshape_softmax_res_at_reshape_reshape_permute_reshape_deep_copy_grad_reshape_permute_reshape_deep_copy)(2, 1, 10)
c_tensor 37 value : 
[[[0.449992, 6.70552e-08, 6.70552e-08, 6.70552e-08, 6.70552e-08, 6.70552e-08, 6.70552e-08, 6.70552e-08, 6.70552e-08, 6.70552e-08]],

 [[0.45, 6.70552e-08, 6.70552e-08, 6.70552e-08, 6.70552e-08, 6.70552e-08, 6.70552e-08, 6.70552e-08, 6.70552e-08, 6.70552e-08]]]
c_tensor 38 name : Tensor[148](INT32)(bmm_res_div_res_reshape_sequence_mask_reshape_softmax_res_at_reshape_reshape_permute_reshape_deep_copy_grad_reshape_permute_reshape_deep_copy_shape)(4)
c_tensor 38 value : 
[2, 1, 2, 5]
c_tensor 39 name : Tensor[149](INT32)(bmm_res_div_res_reshape_sequence_mask_reshape_softmax_res_at_reshape_reshape_permute_reshape_deep_copy_grad_reshape_permute_reshape_deep_copy_strides)(4)
c_tensor 39 value : 
[10, 5, 5, 1]
c_tensor 40 name : Tensor[156](res_at)(2, 10)
c_tensor 40 value : 
[[114.453, 123.246, 123.246, 123.246, 123.246, 123.246, 123.246, 123.246, 123.246, 123.246],
 [155.072, 166.983, 166.983, 166.983, 166.983, 166.983, 166.983, 166.983, 166.983, 166.983]]
c_tensor 41 name : Tensor[162](maxs)(2)
c_tensor 41 value : 
[123.246, 166.983]
c_tensor 42 name : Tensor[163](sums)(2)
c_tensor 42 value : 
[9.00015, 9.00001]
c_tensor 43 name : Tensor[164](cross_entropy)(2)
c_tensor 43 value : 
[10.9911, 14.1081]
c_tensor 44 name : Tensor[166](avg_1d_mask)(2)
c_tensor 44 value : 
[1, 1]
c_tensor 45 name : Tensor[169](avg_1d_res)(1)
c_tensor 45 value : 
[12.5496]
c_tensor 46 name : Tensor[170](avg_1d_sum)(1)
c_tensor 46 value : 
[25.0992]
c_tensor 47 name : Tensor[171](avg_1d_mask_sum)(1)
c_tensor 47 value : 
[2]
c_tensor 48 name : Tensor[174](avg_1d_tmp_grad)(2)
c_tensor 48 value : 
[0.5, 0.5]
c_tensor 49 name : Tensor[175](INT32)(cross_entropy_grad_shape)(1)
c_tensor 49 value : 
[2]
c_tensor 50 name : Tensor[176](INT32)(cross_entropy_grad_strides)(1)
c_tensor 50 value : 
[1]
c_tensor 51 name : Tensor[177](INT32)(avg_1d_tmp_grad_strides)(1)
c_tensor 51 value : 
[1]
c_tensor 52 name : Tensor[178](cross_entropy_tmp)(2, 10)
c_tensor 52 value : 
[[-0.999983, 0.111109, 0.111109, 0.111109, 0.111109, 0.111109, 0.111109, 0.111109, 0.111109, 0.111109],
 [-0.999999, 0.111111, 0.111111, 0.111111, 0.111111, 0.111111, 0.111111, 0.111111, 0.111111, 0.111111]]
c_tensor 53 name : Tensor[179](cross_entropy_tmp2)(2, 10)
c_tensor 53 value : 
[[-0.499992, 0.0555546, 0.0555546, 0.0555546, 0.0555546, 0.0555546, 0.0555546, 0.0555546, 0.0555546, 0.0555546],
 [-0.5, 0.0555555, 0.0555555, 0.0555555, 0.0555555, 0.0555555, 0.0555555, 0.0555555, 0.0555555, 0.0555555]]
c_tensor 54 name : Tensor[182](INT32)(res_at_grad_reshape_reshape_shape)(2)
c_tensor 54 value : 
[2, 10]
c_tensor 55 name : Tensor[183](INT32)(res_at_grad_reshape_reshape_strides)(2)
c_tensor 55 value : 
[10, 1]
c_tensor 56 name : Tensor[184](INT32)(cross_entropy_tmp2_strides)(2)
c_tensor 56 value : 
[10, 1]
c_tensor 57 name : Tensor[186](matmul_l_tmp)(2, 10)
c_tensor 57 value : 
[[0.449992, 6.70552e-08, 6.70552e-08, 6.70552e-08, 6.70552e-08, 6.70552e-08, 6.70552e-08, 6.70552e-08, 6.70552e-08, 6.70552e-08],
 [0.45, 6.70552e-08, 6.70552e-08, 6.70552e-08, 6.70552e-08, 6.70552e-08, 6.70552e-08, 6.70552e-08, 6.70552e-08, 6.70552e-08]]
c_tensor 58 name : Tensor[187](INT32)(bmm_res_div_res_reshape_sequence_mask_reshape_softmax_res_at_reshape_reshape_permute_reshape_deep_copy_grad_reshape_permute_reshape_deep_copy_reshape_shape)(2)
c_tensor 58 value : 
[2, 10]
c_tensor 59 name : Tensor[188](INT32)(bmm_res_div_res_reshape_sequence_mask_reshape_softmax_res_at_reshape_reshape_permute_reshape_deep_copy_grad_reshape_permute_reshape_deep_copy_reshape_strides)(2)
c_tensor 59 value : 
[10, 1]
c_tensor 60 name : Tensor[189](INT32)(matmul_l_tmp_strides)(2)
c_tensor 60 value : 
[10, 1]
c_tensor 61 name : Tensor[191](matmul_r_tmp)(10, 10)
c_tensor 61 value : 
[[-11.5025, 1.27806, 1.27806, 1.27806, 1.27806, 1.27806, 1.27806, 1.27806, 1.27806, 1.27806],
 [-14.842, 1.64911, 1.64911, 1.64911, 1.64911, 1.64911, 1.64911, 1.64911, 1.64911, 1.64911],
 [-14.842, 1.64911, 1.64911, 1.64911, 1.64911, 1.64911, 1.64911, 1.64911, 1.64911, 1.64911],
 [-14.842, 1.64911, 1.64911, 1.64911, 1.64911, 1.64911, 1.64911, 1.64911, 1.64911, 1.64911],
 [-14.842, 1.64911, 1.64911, 1.64911, 1.64911, 1.64911, 1.64911, 1.64911, 1.64911, 1.64911],
 [-14.8487, 1.64985, 1.64985, 1.64985, 1.64985, 1.64985, 1.64985, 1.64985, 1.64985, 1.64985],
 [-14.8487, 1.64985, 1.64985, 1.64985, 1.64985, 1.64985, 1.64985, 1.64985, 1.64985, 1.64985],
 [-14.8487, 1.64985, 1.64985, 1.64985, 1.64985, 1.64985, 1.64985, 1.64985, 1.64985, 1.64985],
 [-14.8487, 1.64985, 1.64985, 1.64985, 1.64985, 1.64985, 1.64985, 1.64985, 1.64985, 1.64985],
 [-14.8487, 1.64985, 1.64985, 1.64985, 1.64985, 1.64985, 1.64985, 1.64985, 1.64985, 1.64985]]
c_tensor 62 name : Tensor[192](INT32)(w_o_w_linear_grad_shape)(2)
c_tensor 62 value : 
[10, 10]
c_tensor 63 name : Tensor[193](INT32)(w_o_w_linear_grad_strides)(2)
c_tensor 63 value : 
[10, 1]
c_tensor 64 name : Tensor[194](INT32)(matmul_r_tmp_strides)(2)
c_tensor 64 value : 
[10, 1]
c_tensor 65 name : Tensor[196](INT32)(bmm_res_div_res_reshape_sequence_mask_reshape_softmax_res_at_reshape_reshape_permute_reshape_deep_copy_grad_reshape_permute_shape)(4)
c_tensor 65 value : 
[2, 1, 2, 5]
c_tensor 66 name : Tensor[197](INT32)(bmm_res_div_res_reshape_sequence_mask_reshape_softmax_res_at_reshape_reshape_permute_reshape_deep_copy_grad_reshape_permute_strides)(4)
c_tensor 66 value : 
[10, 5, 5, 1]
c_tensor 67 name : Tensor[198](INT32)(bmm_res_div_res_reshape_sequence_mask_reshape_softmax_res_at_reshape_reshape_permute_reshape_deep_copy_grad_reshape_permute_reshape_deep_copy_reshape_strides)(4)
c_tensor 67 value : 
[10, 10, 5, 1]
c_tensor 68 name : Tensor[200](matmul_l_tmp)(1, 5)
c_tensor 68 value : 
[[4.32443, 4.46393, 4.60343, 4.74293, 4.88242]]
c_tensor 69 name : Tensor[201](INT32)(div_res_reshape_sequence_mask_reshape_softmax_grad_split_0_shape)(2)
c_tensor 69 value : 
[1, 5]
c_tensor 70 name : Tensor[202](INT32)(div_res_reshape_sequence_mask_reshape_softmax_grad_split_0_strides)(2)
c_tensor 70 value : 
[5, 1]
c_tensor 71 name : Tensor[203](INT32)(matmul_l_tmp_strides)(2)
c_tensor 71 value : 
[5, 1]
c_tensor 72 name : Tensor[205](matmul_r_tmp)(5, 5)
c_tensor 72 value : 
[[0.216342, 3.2238e-08, 3.2238e-08, 3.2238e-08, 3.2238e-08],
 [0.23365, 3.48172e-08, 3.48172e-08, 3.48172e-08, 3.48172e-08],
 [0, 0, 0, 0, 0],
 [0, 0, 0, 0, 0],
 [0, 0, 0, 0, 0]]
c_tensor 73 name : Tensor[206](INT32)(res_at_grad_reshape_reshape_permute_reshape_deep_copy_split_0_shape)(2)
c_tensor 73 value : 
[5, 5]
c_tensor 74 name : Tensor[207](INT32)(res_at_grad_reshape_reshape_permute_reshape_deep_copy_split_0_strides)(2)
c_tensor 74 value : 
[5, 1]
c_tensor 75 name : Tensor[208](INT32)(matmul_r_tmp_strides)(2)
c_tensor 75 value : 
[5, 1]
c_tensor 76 name : Tensor[210](matmul_l_tmp)(1, 5)
c_tensor 76 value : 
[[4.15742e-06, 4.29153e-06, 4.42564e-06, 4.55976e-06, 4.69387e-06]]
c_tensor 77 name : Tensor[211](INT32)(div_res_reshape_sequence_mask_reshape_softmax_grad_split_1_shape)(2)
c_tensor 77 value : 
[1, 5]
c_tensor 78 name : Tensor[212](INT32)(div_res_reshape_sequence_mask_reshape_softmax_grad_split_1_strides)(2)
c_tensor 78 value : 
[5, 1]
c_tensor 79 name : Tensor[213](INT32)(matmul_l_tmp_strides)(2)
c_tensor 79 value : 
[5, 1]
c_tensor 80 name : Tensor[215](matmul_r_tmp)(5, 5)
c_tensor 80 value : 
[[3.20292e-08, 3.20292e-08, 3.20292e-08, 3.20292e-08, 3.20292e-08],
 [3.5026e-08, 3.5026e-08, 3.5026e-08, 3.5026e-08, 3.5026e-08],
 [0, 0, 0, 0, 0],
 [0, 0, 0, 0, 0],
 [0, 0, 0, 0, 0]]
c_tensor 81 name : Tensor[216](INT32)(res_at_grad_reshape_reshape_permute_reshape_deep_copy_split_1_shape)(2)
c_tensor 81 value : 
[5, 5]
c_tensor 82 name : Tensor[217](INT32)(res_at_grad_reshape_reshape_permute_reshape_deep_copy_split_1_strides)(2)
c_tensor 82 value : 
[5, 1]
c_tensor 83 name : Tensor[218](INT32)(matmul_r_tmp_strides)(2)
c_tensor 83 value : 
[5, 1]
c_tensor 84 name : Tensor[220](matmul_l_tmp)(1, 5)
c_tensor 84 value : 
[[5.7195, 5.859, 5.9985, 6.138, 6.2775]]
c_tensor 85 name : Tensor[221](INT32)(div_res_reshape_sequence_mask_reshape_softmax_grad_split_2_shape)(2)
c_tensor 85 value : 
[1, 5]
c_tensor 86 name : Tensor[222](INT32)(div_res_reshape_sequence_mask_reshape_softmax_grad_split_2_strides)(2)
c_tensor 86 value : 
[5, 1]
c_tensor 87 name : Tensor[223](INT32)(matmul_l_tmp_strides)(2)
c_tensor 87 value : 
[5, 1]
c_tensor 88 name : Tensor[225](matmul_r_tmp)(5, 5)
c_tensor 88 value : 
[[0.0879964, 1.31125e-08, 1.31125e-08, 1.31125e-08, 1.31125e-08],
 [0.10264, 1.52946e-08, 1.52946e-08, 1.52946e-08, 1.52946e-08],
 [0.11972, 1.78397e-08, 1.78397e-08, 1.78397e-08, 1.78397e-08],
 [0.139643, 2.08084e-08, 2.08084e-08, 2.08084e-08, 2.08084e-08],
 [0, 0, 0, 0, 0]]
c_tensor 89 name : Tensor[226](INT32)(res_at_grad_reshape_reshape_permute_reshape_deep_copy_split_2_shape)(2)
c_tensor 89 value : 
[5, 5]
c_tensor 90 name : Tensor[227](INT32)(res_at_grad_reshape_reshape_permute_reshape_deep_copy_split_2_strides)(2)
c_tensor 90 value : 
[5, 1]
c_tensor 91 name : Tensor[228](INT32)(matmul_r_tmp_strides)(2)
c_tensor 91 value : 
[5, 1]
c_tensor 92 name : Tensor[230](matmul_l_tmp)(1, 5)
c_tensor 92 value : 
[[5.49853e-06, 5.63264e-06, 5.76675e-06, 5.90086e-06, 6.03497e-06]]
c_tensor 93 name : Tensor[231](INT32)(div_res_reshape_sequence_mask_reshape_softmax_grad_split_3_shape)(2)
c_tensor 93 value : 
[1, 5]
c_tensor 94 name : Tensor[232](INT32)(div_res_reshape_sequence_mask_reshape_softmax_grad_split_3_strides)(2)
c_tensor 94 value : 
[5, 1]
c_tensor 95 name : Tensor[233](INT32)(matmul_l_tmp_strides)(2)
c_tensor 95 value : 
[5, 1]
c_tensor 96 name : Tensor[235](matmul_r_tmp)(5, 5)
c_tensor 96 value : 
[[1.25659e-08, 1.25659e-08, 1.25659e-08, 1.25659e-08, 1.25659e-08],
 [1.50273e-08, 1.50273e-08, 1.50273e-08, 1.50273e-08, 1.50273e-08],
 [1.79709e-08, 1.79709e-08, 1.79709e-08, 1.79709e-08, 1.79709e-08],
 [2.14911e-08, 2.14911e-08, 2.14911e-08, 2.14911e-08, 2.14911e-08],
 [0, 0, 0, 0, 0]]
c_tensor 97 name : Tensor[236](INT32)(res_at_grad_reshape_reshape_permute_reshape_deep_copy_split_3_shape)(2)
c_tensor 97 value : 
[5, 5]
c_tensor 98 name : Tensor[237](INT32)(res_at_grad_reshape_reshape_permute_reshape_deep_copy_split_3_strides)(2)
c_tensor 98 value : 
[5, 1]
c_tensor 99 name : Tensor[238](INT32)(matmul_r_tmp_strides)(2)
c_tensor 99 value : 
[5, 1]
c_tensor 100 name : Tensor[239](softmax_tmp)(4, 1, 5)
c_tensor 100 value : 
[[[-0.0348228, 0.0348229, 0, 0, 0]],

 [[-3.34607e-08, 3.34607e-08, 0, 0, 0]],

 [[-0.0461322, -0.0219908, 0.0114632, 0.0566599, 0]],

 [[-4.32669e-08, -2.16875e-08, 1.0006e-08, 5.49485e-08, 0]]]
c_tensor 101 name : Tensor[240](INT32)(div_res_grad_reshape_reshape_shape)(3)
c_tensor 101 value : 
[4, 1, 5]
c_tensor 102 name : Tensor[241](INT32)(div_res_grad_reshape_reshape_strides)(3)
c_tensor 102 value : 
[5, 5, 1]
c_tensor 103 name : Tensor[242](INT32)(softmax_tmp_strides)(3)
c_tensor 103 value : 
[5, 5, 1]
c_tensor 104 name : Tensor[243](div_tmp)(4, 1, 5)
c_tensor 104 value : 
[[[-0.0155732, 0.0155733, 0, 0, 0]],

 [[-1.49641e-08, 1.49641e-08, 0, 0, 0]],

 [[-0.020631, -0.0098346, 0.00512651, 0.0253391, 0]],

 [[-1.93496e-08, -9.69893e-09, 4.47483e-09, 2.45737e-08, 0]]]
c_tensor 105 name : Tensor[244](INT32)(bmm_res_res_at_reshape_reshape_permute_reshape_deep_copy_res_at_reshape_reshape_permute_reshape_deep_copy_transpose_reshape_deep_copy_grad_shape)(3)
c_tensor 105 value : 
[4, 1, 5]
c_tensor 106 name : Tensor[245](INT32)(bmm_res_res_at_reshape_reshape_permute_reshape_deep_copy_res_at_reshape_reshape_permute_reshape_deep_copy_transpose_reshape_deep_copy_grad_strides)(3)
c_tensor 106 value : 
[5, 5, 1]
c_tensor 107 name : Tensor[246](INT32)(div_tmp_strides)(3)
c_tensor 107 value : 
[5, 5, 1]
c_tensor 108 name : Tensor[248](matmul_l_tmp)(1, 5)
c_tensor 108 value : 
[[0.00171313, 0.00311477, 0.00311477, 0.00311477, 0.00311477]]
c_tensor 109 name : Tensor[249](INT32)(res_at_grad_reshape_reshape_permute_reshape_deep_copy_split_0_shape)(2)
c_tensor 109 value : 
[1, 5]
c_tensor 110 name : Tensor[250](INT32)(res_at_grad_reshape_reshape_permute_reshape_deep_copy_split_0_strides)(2)
c_tensor 110 value : 
[5, 1]
c_tensor 111 name : Tensor[251](INT32)(matmul_l_tmp_strides)(2)
c_tensor 111 value : 
[5, 1]
c_tensor 112 name : Tensor[253](matmul_r_tmp)(5, 5)
c_tensor 112 value : 
[[-0.00171306, 0.00171306, 0, 0, 0],
 [-0.00311465, 0.00311466, 0, 0, 0],
 [-0.00311465, 0.00311466, 0, 0, 0],
 [-0.00311465, 0.00311466, 0, 0, 0],
 [-0.00311465, 0.00311466, 0, 0, 0]]
c_tensor 113 name : Tensor[254](INT32)(res_at_grad_reshape_reshape_permute_reshape_deep_copy_transpose_reshape_deep_copy_split_0_shape)(2)
c_tensor 113 value : 
[5, 5]
c_tensor 114 name : Tensor[255](INT32)(res_at_grad_reshape_reshape_permute_reshape_deep_copy_transpose_reshape_deep_copy_split_0_strides)(2)
c_tensor 114 value : 
[5, 1]
c_tensor 115 name : Tensor[256](INT32)(matmul_r_tmp_strides)(2)
c_tensor 115 value : 
[5, 1]
c_tensor 116 name : Tensor[258](matmul_l_tmp)(1, 5)
c_tensor 116 value : 
[[2.99281e-09, 2.99281e-09, 2.99281e-09, 2.99281e-09, 2.99281e-09]]
c_tensor 117 name : Tensor[259](INT32)(res_at_grad_reshape_reshape_permute_reshape_deep_copy_split_1_shape)(2)
c_tensor 117 value : 
[1, 5]
c_tensor 118 name : Tensor[260](INT32)(res_at_grad_reshape_reshape_permute_reshape_deep_copy_split_1_strides)(2)
c_tensor 118 value : 
[5, 1]
c_tensor 119 name : Tensor[261](INT32)(matmul_l_tmp_strides)(2)
c_tensor 119 value : 
[5, 1]
c_tensor 120 name : Tensor[263](matmul_r_tmp)(5, 5)
c_tensor 120 value : 
[[-2.99281e-09, 2.99281e-09, 0, 0, 0],
 [-2.99281e-09, 2.99281e-09, 0, 0, 0],
 [-2.99281e-09, 2.99281e-09, 0, 0, 0],
 [-2.99281e-09, 2.99281e-09, 0, 0, 0],
 [-2.99281e-09, 2.99281e-09, 0, 0, 0]]
c_tensor 121 name : Tensor[264](INT32)(res_at_grad_reshape_reshape_permute_reshape_deep_copy_transpose_reshape_deep_copy_split_1_shape)(2)
c_tensor 121 value : 
[5, 5]
c_tensor 122 name : Tensor[265](INT32)(res_at_grad_reshape_reshape_permute_reshape_deep_copy_transpose_reshape_deep_copy_split_1_strides)(2)
c_tensor 122 value : 
[5, 1]
c_tensor 123 name : Tensor[266](INT32)(matmul_r_tmp_strides)(2)
c_tensor 123 value : 
[5, 1]
c_tensor 124 name : Tensor[268](matmul_l_tmp)(1, 5)
c_tensor 124 value : 
[[0.00840805, 0.0152874, 0.0152874, 0.0152874, 0.0152874]]
c_tensor 125 name : Tensor[269](INT32)(res_at_grad_reshape_reshape_permute_reshape_deep_copy_split_2_shape)(2)
c_tensor 125 value : 
[1, 5]
c_tensor 126 name : Tensor[270](INT32)(res_at_grad_reshape_reshape_permute_reshape_deep_copy_split_2_strides)(2)
c_tensor 126 value : 
[5, 1]
c_tensor 127 name : Tensor[271](INT32)(matmul_l_tmp_strides)(2)
c_tensor 127 value : 
[5, 1]
c_tensor 128 name : Tensor[273](matmul_r_tmp)(5, 5)
c_tensor 128 value : 
[[-0.00453881, -0.00216361, 0.00112783, 0.0055746, 0],
 [-0.00825238, -0.00393384, 0.0020506, 0.0101356, 0],
 [-0.00825238, -0.00393384, 0.0020506, 0.0101356, 0],
 [-0.00825238, -0.00393384, 0.0020506, 0.0101356, 0],
 [-0.00825238, -0.00393384, 0.0020506, 0.0101356, 0]]
c_tensor 129 name : Tensor[274](INT32)(res_at_grad_reshape_reshape_permute_reshape_deep_copy_transpose_reshape_deep_copy_split_2_shape)(2)
c_tensor 129 value : 
[5, 5]
c_tensor 130 name : Tensor[275](INT32)(res_at_grad_reshape_reshape_permute_reshape_deep_copy_transpose_reshape_deep_copy_split_2_strides)(2)
c_tensor 130 value : 
[5, 1]
c_tensor 131 name : Tensor[276](INT32)(matmul_r_tmp_strides)(2)
c_tensor 131 value : 
[5, 1]
c_tensor 132 name : Tensor[278](matmul_l_tmp)(1, 5)
c_tensor 132 value : 
[[1.45946e-08, 1.45946e-08, 1.45946e-08, 1.45946e-08, 1.45946e-08]]
c_tensor 133 name : Tensor[279](INT32)(res_at_grad_reshape_reshape_permute_reshape_deep_copy_split_3_shape)(2)
c_tensor 133 value : 
[1, 5]
c_tensor 134 name : Tensor[280](INT32)(res_at_grad_reshape_reshape_permute_reshape_deep_copy_split_3_strides)(2)
c_tensor 134 value : 
[5, 1]
c_tensor 135 name : Tensor[281](INT32)(matmul_l_tmp_strides)(2)
c_tensor 135 value : 
[5, 1]
c_tensor 136 name : Tensor[283](matmul_r_tmp)(5, 5)
c_tensor 136 value : 
[[-7.73982e-09, -3.87957e-09, 1.78993e-09, 9.82948e-09, 0],
 [-7.73982e-09, -3.87957e-09, 1.78993e-09, 9.82948e-09, 0],
 [-7.73982e-09, -3.87957e-09, 1.78993e-09, 9.82948e-09, 0],
 [-7.73982e-09, -3.87957e-09, 1.78993e-09, 9.82948e-09, 0],
 [-7.73982e-09, -3.87957e-09, 1.78993e-09, 9.82948e-09, 0]]
c_tensor 137 name : Tensor[284](INT32)(res_at_grad_reshape_reshape_permute_reshape_deep_copy_transpose_reshape_deep_copy_split_3_shape)(2)
c_tensor 137 value : 
[5, 5]
c_tensor 138 name : Tensor[285](INT32)(res_at_grad_reshape_reshape_permute_reshape_deep_copy_transpose_reshape_deep_copy_split_3_strides)(2)
c_tensor 138 value : 
[5, 1]
c_tensor 139 name : Tensor[286](INT32)(matmul_r_tmp_strides)(2)
c_tensor 139 value : 
[5, 1]
c_tensor 140 name : Tensor[288](INT32)(res_at_grad_reshape_reshape_permute_shape)(4)
c_tensor 140 value : 
[2, 2, 1, 5]
c_tensor 141 name : Tensor[289](INT32)(res_at_grad_reshape_reshape_permute_strides)(4)
c_tensor 141 value : 
[10, 5, 10, 1]
c_tensor 142 name : Tensor[290](INT32)(res_at_grad_reshape_reshape_permute_reshape_deep_copy_reshape_strides)(4)
c_tensor 142 value : 
[10, 5, 5, 1]
c_tensor 143 name : Tensor[292](matmul_l_tmp)(2, 2)
c_tensor 143 value : 
[[0.0126304, 0.0141722],
 [0.0619904, 0.0695576]]
c_tensor 144 name : Tensor[293](INT32)(queries_grad_reshape_shape)(2)
c_tensor 144 value : 
[2, 2]
c_tensor 145 name : Tensor[294](INT32)(queries_grad_reshape_strides)(2)
c_tensor 145 value : 
[2, 1]
c_tensor 146 name : Tensor[295](INT32)(matmul_l_tmp_strides)(2)
c_tensor 146 value : 
[2, 1]
c_tensor 147 name : Tensor[297](matmul_r_tmp)(2, 10)
c_tensor 147 value : 
[[0.00185292, 0.00336895, 0.00336895, 0.00336895, 0.00336895, 3.2182e-09, 3.2182e-09, 3.2182e-09, 3.2182e-09, 3.2182e-09],
 [0.00185292, 0.00336895, 0.00336895, 0.00336895, 0.00336895, 3.2182e-09, 3.2182e-09, 3.2182e-09, 3.2182e-09, 3.2182e-09]]
c_tensor 148 name : Tensor[298](INT32)(w_q_w_linear_grad_shape)(2)
c_tensor 148 value : 
[2, 10]
c_tensor 149 name : Tensor[299](INT32)(w_q_w_linear_grad_strides)(2)
c_tensor 149 value : 
[10, 1]
c_tensor 150 name : Tensor[300](INT32)(matmul_r_tmp_strides)(2)
c_tensor 150 value : 
[10, 1]
c_tensor 151 name : Tensor[302](INT32)(res_at_grad_reshape_reshape_permute_reshape_deep_copy_transpose_shape)(3)
c_tensor 151 value : 
[4, 5, 5]
c_tensor 152 name : Tensor[303](INT32)(res_at_grad_reshape_reshape_permute_reshape_deep_copy_transpose_strides)(3)
c_tensor 152 value : 
[25, 1, 5]
c_tensor 153 name : Tensor[304](INT32)(res_at_grad_reshape_reshape_permute_reshape_deep_copy_transpose_reshape_deep_copy_reshape_strides)(3)
c_tensor 153 value : 
[25, 5, 1]
c_tensor 154 name : Tensor[306](INT32)(res_at_grad_reshape_reshape_permute_shape)(4)
c_tensor 154 value : 
[2, 2, 5, 5]
c_tensor 155 name : Tensor[307](INT32)(res_at_grad_reshape_reshape_permute_strides)(4)
c_tensor 155 value : 
[50, 5, 10, 1]
c_tensor 156 name : Tensor[308](INT32)(res_at_grad_reshape_reshape_permute_reshape_deep_copy_reshape_strides)(4)
c_tensor 156 value : 
[50, 25, 5, 1]
c_tensor 157 name : Tensor[310](matmul_l_tmp)(10, 2)
c_tensor 157 value : 
[[-0.0126299, -0.0141717],
 [0.01263, 0.0141717],
 [0, 0],
 [0, 0],
 [0, 0],
 [-0.0334634, -0.0375484],
 [-0.0159517, -0.017899],
 [0.00831521, 0.00933026],
 [0.0411001, 0.0461172],
 [0, 0]]
c_tensor 158 name : Tensor[311](INT32)(keys_grad_reshape_shape)(2)
c_tensor 158 value : 
[10, 2]
c_tensor 159 name : Tensor[312](INT32)(keys_grad_reshape_strides)(2)
c_tensor 159 value : 
[2, 1]
c_tensor 160 name : Tensor[313](INT32)(matmul_l_tmp_strides)(2)
c_tensor 160 value : 
[2, 1]
c_tensor 161 name : Tensor[315](matmul_r_tmp)(2, 10)
c_tensor 161 value : 
[[0.00185292, 0.00336895, 0.00336895, 0.00336895, 0.00336895, 3.2182e-09, 3.2182e-09, 3.2182e-09, 3.2182e-09, 3.2182e-09],
 [0.00185292, 0.00336895, 0.00336895, 0.00336895, 0.00336895, 3.2182e-09, 3.2182e-09, 3.2182e-09, 3.2182e-09, 3.2182e-09]]
c_tensor 162 name : Tensor[316](INT32)(w_k_w_linear_grad_shape)(2)
c_tensor 162 value : 
[2, 10]
c_tensor 163 name : Tensor[317](INT32)(w_k_w_linear_grad_strides)(2)
c_tensor 163 value : 
[10, 1]
c_tensor 164 name : Tensor[318](INT32)(matmul_r_tmp_strides)(2)
c_tensor 164 value : 
[10, 1]
c_tensor 165 name : Tensor[320](INT32)(res_at_grad_reshape_reshape_permute_shape)(4)
c_tensor 165 value : 
[2, 2, 5, 5]
c_tensor 166 name : Tensor[321](INT32)(res_at_grad_reshape_reshape_permute_strides)(4)
c_tensor 166 value : 
[50, 5, 10, 1]
c_tensor 167 name : Tensor[322](INT32)(res_at_grad_reshape_reshape_permute_reshape_deep_copy_reshape_strides)(4)
c_tensor 167 value : 
[50, 25, 5, 1]
c_tensor 168 name : Tensor[324](matmul_l_tmp)(10, 4)
c_tensor 168 value : 
[[0.0216345, 0.216342, 0.216342, 0.216342],
 [0.0233654, 0.233651, 0.233651, 0.233651],
 [0, 0, 0, 0],
 [0, 0, 0, 0],
 [0, 0, 0, 0],
 [0.00879975, 0.0879965, 0.0879965, 0.0879965],
 [0.0102641, 0.10264, 0.10264, 0.10264],
 [0.0119722, 0.11972, 0.11972, 0.11972],
 [0.0139645, 0.139643, 0.139643, 0.139643],
 [0, 0, 0, 0]]
c_tensor 169 name : Tensor[325](INT32)(values_grad_reshape_shape)(2)
c_tensor 169 value : 
[10, 4]
c_tensor 170 name : Tensor[326](INT32)(values_grad_reshape_strides)(2)
c_tensor 170 value : 
[4, 1]
c_tensor 171 name : Tensor[327](INT32)(matmul_l_tmp_strides)(2)
c_tensor 171 value : 
[4, 1]
c_tensor 172 name : Tensor[329](matmul_r_tmp)(4, 10)
c_tensor 172 value : 
[[3.33944, 4.97619e-07, 4.97619e-07, 4.97619e-07, 4.97619e-07, 4.97844e-07, 4.97844e-07, 4.97844e-07, 4.97844e-07, 4.97844e-07],
 [3.33944, 4.97619e-07, 4.97619e-07, 4.97619e-07, 4.97619e-07, 4.97844e-07, 4.97844e-07, 4.97844e-07, 4.97844e-07, 4.97844e-07],
 [3.33944, 4.97619e-07, 4.97619e-07, 4.97619e-07, 4.97619e-07, 4.97844e-07, 4.97844e-07, 4.97844e-07, 4.97844e-07, 4.97844e-07],
 [3.33944, 4.97619e-07, 4.97619e-07, 4.97619e-07, 4.97619e-07, 4.97844e-07, 4.97844e-07, 4.97844e-07, 4.97844e-07, 4.97844e-07]]
c_tensor 173 name : Tensor[330](INT32)(w_v_w_linear_grad_shape)(2)
c_tensor 173 value : 
[4, 10]
c_tensor 174 name : Tensor[331](INT32)(w_v_w_linear_grad_strides)(2)
c_tensor 174 value : 
[10, 1]
c_tensor 175 name : Tensor[332](INT32)(matmul_r_tmp_strides)(2)
c_tensor 175 value : 
[10, 1]
grad_tensor 0 name : Tensor[4](queries_grad)(2, 1, 2)
grad_tensor 0 value : 
[[[0.0126304, 0.0141722]],

 [[0.0619904, 0.0695576]]]
grad_tensor 1 name : Tensor[5](keys_grad)(2, 5, 2)
grad_tensor 1 value : 
[[[-0.0126299, -0.0141717],
  [0.01263, 0.0141717],
  [0, 0],
  [0, 0],
  [0, 0]],

 [[-0.0334634, -0.0375484],
  [-0.0159517, -0.017899],
  [0.00831521, 0.00933026],
  [0.0411001, 0.0461172],
  [0, 0]]]
grad_tensor 2 name : Tensor[6](values_grad)(2, 5, 4)
grad_tensor 2 value : 
[[[0.0216345, 0.216342, 0.216342, 0.216342],
  [0.0233654, 0.233651, 0.233651, 0.233651],
  [0, 0, 0, 0],
  [0, 0, 0, 0],
  [0, 0, 0, 0]],

 [[0.00879975, 0.0879965, 0.0879965, 0.0879965],
  [0.0102641, 0.10264, 0.10264, 0.10264],
  [0.0119722, 0.11972, 0.11972, 0.11972],
  [0.0139645, 0.139643, 0.139643, 0.139643],
  [0, 0, 0, 0]]]
grad_tensor 3 name : Tensor[10](w_q_w_linear_grad)(2, 10)
grad_tensor 3 value : 
[[0.00185292, 0.00336895, 0.00336895, 0.00336895, 0.00336895, 3.2182e-09, 3.2182e-09, 3.2182e-09, 3.2182e-09, 3.2182e-09],
 [0.00185292, 0.00336895, 0.00336895, 0.00336895, 0.00336895, 3.2182e-09, 3.2182e-09, 3.2182e-09, 3.2182e-09, 3.2182e-09]]
grad_tensor 4 name : Tensor[16](res_at_grad)(2, 10)
grad_tensor 4 value : 
[[0.00171313, 0.00311477, 0.00311477, 0.00311477, 0.00311477, 2.99281e-09, 2.99281e-09, 2.99281e-09, 2.99281e-09, 2.99281e-09],
 [0.00840805, 0.0152874, 0.0152874, 0.0152874, 0.0152874, 1.45946e-08, 1.45946e-08, 1.45946e-08, 1.45946e-08, 1.45946e-08]]
grad_tensor 5 name : Tensor[30](w_k_w_linear_grad)(2, 10)
grad_tensor 5 value : 
[[0.00185292, 0.00336895, 0.00336895, 0.00336895, 0.00336895, 3.2182e-09, 3.2182e-09, 3.2182e-09, 3.2182e-09, 3.2182e-09],
 [0.00185292, 0.00336895, 0.00336895, 0.00336895, 0.00336895, 3.2182e-09, 3.2182e-09, 3.2182e-09, 3.2182e-09, 3.2182e-09]]
grad_tensor 6 name : Tensor[36](res_at_grad)(10, 10)
grad_tensor 6 value : 
[[-0.00171306, -0.00311465, -0.00311465, -0.00311465, -0.00311465, -2.99281e-09, -2.99281e-09, -2.99281e-09, -2.99281e-09, -2.99281e-09],
 [0.00171306, 0.00311466, 0.00311466, 0.00311466, 0.00311466, 2.99281e-09, 2.99281e-09, 2.99281e-09, 2.99281e-09, 2.99281e-09],
 [0, 0, 0, 0, 0, 0, 0, 0, 0, 0],
 [0, 0, 0, 0, 0, 0, 0, 0, 0, 0],
 [0, 0, 0, 0, 0, 0, 0, 0, 0, 0],
 [-0.00453881, -0.00825238, -0.00825238, -0.00825238, -0.00825238, -7.73982e-09, -7.73982e-09, -7.73982e-09, -7.73982e-09, -7.73982e-09],
 [-0.00216361, -0.00393384, -0.00393384, -0.00393384, -0.00393384, -3.87957e-09, -3.87957e-09, -3.87957e-09, -3.87957e-09, -3.87957e-09],
 [0.00112783, 0.0020506, 0.0020506, 0.0020506, 0.0020506, 1.78993e-09, 1.78993e-09, 1.78993e-09, 1.78993e-09, 1.78993e-09],
 [0.0055746, 0.0101356, 0.0101356, 0.0101356, 0.0101356, 9.82948e-09, 9.82948e-09, 9.82948e-09, 9.82948e-09, 9.82948e-09],
 [0, 0, 0, 0, 0, 0, 0, 0, 0, 0]]
grad_tensor 7 name : Tensor[50](w_v_w_linear_grad)(4, 10)
grad_tensor 7 value : 
[[3.33944, 4.97619e-07, 4.97619e-07, 4.97619e-07, 4.97619e-07, 4.97844e-07, 4.97844e-07, 4.97844e-07, 4.97844e-07, 4.97844e-07],
 [3.33944, 4.97619e-07, 4.97619e-07, 4.97619e-07, 4.97619e-07, 4.97844e-07, 4.97844e-07, 4.97844e-07, 4.97844e-07, 4.97844e-07],
 [3.33944, 4.97619e-07, 4.97619e-07, 4.97619e-07, 4.97619e-07, 4.97844e-07, 4.97844e-07, 4.97844e-07, 4.97844e-07, 4.97844e-07],
 [3.33944, 4.97619e-07, 4.97619e-07, 4.97619e-07, 4.97619e-07, 4.97844e-07, 4.97844e-07, 4.97844e-07, 4.97844e-07, 4.97844e-07]]
grad_tensor 8 name : Tensor[56](res_at_grad)(10, 10)
grad_tensor 8 value : 
[[0.216342, 3.2238e-08, 3.2238e-08, 3.2238e-08, 3.2238e-08, 3.20292e-08, 3.20292e-08, 3.20292e-08, 3.20292e-08, 3.20292e-08],
 [0.23365, 3.48172e-08, 3.48172e-08, 3.48172e-08, 3.48172e-08, 3.5026e-08, 3.5026e-08, 3.5026e-08, 3.5026e-08, 3.5026e-08],
 [0, 0, 0, 0, 0, 0, 0, 0, 0, 0],
 [0, 0, 0, 0, 0, 0, 0, 0, 0, 0],
 [0, 0, 0, 0, 0, 0, 0, 0, 0, 0],
 [0.0879964, 1.31125e-08, 1.31125e-08, 1.31125e-08, 1.31125e-08, 1.25659e-08, 1.25659e-08, 1.25659e-08, 1.25659e-08, 1.25659e-08],
 [0.10264, 1.52946e-08, 1.52946e-08, 1.52946e-08, 1.52946e-08, 1.50273e-08, 1.50273e-08, 1.50273e-08, 1.50273e-08, 1.50273e-08],
 [0.11972, 1.78397e-08, 1.78397e-08, 1.78397e-08, 1.78397e-08, 1.79709e-08, 1.79709e-08, 1.79709e-08, 1.79709e-08, 1.79709e-08],
 [0.139643, 2.08084e-08, 2.08084e-08, 2.08084e-08, 2.08084e-08, 2.14911e-08, 2.14911e-08, 2.14911e-08, 2.14911e-08, 2.14911e-08],
 [0, 0, 0, 0, 0, 0, 0, 0, 0, 0]]
grad_tensor 9 name : Tensor[95](bmm_res_res_at_reshape_reshape_permute_reshape_deep_copy_res_at_reshape_reshape_permute_reshape_deep_copy_transpose_reshape_deep_copy_grad)(4, 1, 5)
grad_tensor 9 value : 
[[[-0.0155732, 0.0155733, 0, 0, 0]],

 [[-1.49641e-08, 1.49641e-08, 0, 0, 0]],

 [[-0.020631, -0.0098346, 0.00512651, 0.0253391, 0]],

 [[-1.93496e-08, -9.69893e-09, 4.47483e-09, 2.45737e-08, 0]]]
grad_tensor 10 name : Tensor[105](div_res_grad)(4, 1, 5)
grad_tensor 10 value : 
[[[-0.0348228, 0.0348229, 0, 0, 0]],

 [[-3.34607e-08, 3.34607e-08, 0, 0, 0]],

 [[-0.0461322, -0.0219908, 0.0114632, 0.0566599, 0]],

 [[-4.32669e-08, -2.16875e-08, 1.0006e-08, 5.49485e-08, 0]]]
grad_tensor 11 name : Tensor[113](div_res_reshape_sequence_mask_reshape_softmax_grad)(4, 1, 5)
grad_tensor 11 value : 
[[[4.32443, 4.46393, 4.60343, 4.74293, 4.88242]],

 [[4.15742e-06, 4.29153e-06, 4.42564e-06, 4.55976e-06, 4.69387e-06]],

 [[5.7195, 5.859, 5.9985, 6.138, 6.2775]],

 [[5.49853e-06, 5.63264e-06, 5.76675e-06, 5.90086e-06, 6.03497e-06]]]
grad_tensor 12 name : Tensor[131](bmm_res_div_res_reshape_sequence_mask_reshape_softmax_res_at_reshape_reshape_permute_reshape_deep_copy_grad)(4, 1, 5)
grad_tensor 12 value : 
[[[0.449992, 6.70552e-08, 6.70552e-08, 6.70552e-08, 6.70552e-08]],

 [[6.70552e-08, 6.70552e-08, 6.70552e-08, 6.70552e-08, 6.70552e-08]],

 [[0.45, 6.70552e-08, 6.70552e-08, 6.70552e-08, 6.70552e-08]],

 [[6.70552e-08, 6.70552e-08, 6.70552e-08, 6.70552e-08, 6.70552e-08]]]
grad_tensor 13 name : Tensor[151](w_o_w_linear_grad)(10, 10)
grad_tensor 13 value : 
[[-11.5025, 1.27806, 1.27806, 1.27806, 1.27806, 1.27806, 1.27806, 1.27806, 1.27806, 1.27806],
 [-14.842, 1.64911, 1.64911, 1.64911, 1.64911, 1.64911, 1.64911, 1.64911, 1.64911, 1.64911],
 [-14.842, 1.64911, 1.64911, 1.64911, 1.64911, 1.64911, 1.64911, 1.64911, 1.64911, 1.64911],
 [-14.842, 1.64911, 1.64911, 1.64911, 1.64911, 1.64911, 1.64911, 1.64911, 1.64911, 1.64911],
 [-14.842, 1.64911, 1.64911, 1.64911, 1.64911, 1.64911, 1.64911, 1.64911, 1.64911, 1.64911],
 [-14.8487, 1.64985, 1.64985, 1.64985, 1.64985, 1.64985, 1.64985, 1.64985, 1.64985, 1.64985],
 [-14.8487, 1.64985, 1.64985, 1.64985, 1.64985, 1.64985, 1.64985, 1.64985, 1.64985, 1.64985],
 [-14.8487, 1.64985, 1.64985, 1.64985, 1.64985, 1.64985, 1.64985, 1.64985, 1.64985, 1.64985],
 [-14.8487, 1.64985, 1.64985, 1.64985, 1.64985, 1.64985, 1.64985, 1.64985, 1.64985, 1.64985],
 [-14.8487, 1.64985, 1.64985, 1.64985, 1.64985, 1.64985, 1.64985, 1.64985, 1.64985, 1.64985]]
grad_tensor 14 name : Tensor[157](res_at_grad)(2, 10)
grad_tensor 14 value : 
[[-0.499992, 0.0555546, 0.0555546, 0.0555546, 0.0555546, 0.0555546, 0.0555546, 0.0555546, 0.0555546, 0.0555546],
 [-0.5, 0.0555555, 0.0555555, 0.0555555, 0.0555555, 0.0555555, 0.0555555, 0.0555555, 0.0555555, 0.0555555]]
grad_tensor 15 name : Tensor[165](cross_entropy_grad)(2)
grad_tensor 15 value : 
[0.5, 0.5]
grad_tensor 16 name : Tensor[173](avg_1d_res_grad)(1)
grad_tensor 16 value : 
[0]
tensor 0 name : Tensor[1](queries)(2, 1, 2)
tensor 0 value : 
[[[0.1, 0.1]],

 [[0.2, 0.2]]]
tensor 1 name : Tensor[2](keys)(2, 5, 2)
tensor 1 value : 
[[[1.1, 1.1],
  [1.2, 1.2],
  [1.3, 1.3],
  [1.4, 1.4],
  [1.5, 1.5]],

 [[2.1, 2.1],
  [2.2, 2.2],
  [2.3, 2.3],
  [2.4, 2.4],
  [2.5, 2.5]]]
tensor 2 name : Tensor[3](values)(2, 5, 4)
tensor 2 value : 
[[[3.1, 3.1, 3.1, 3.1],
  [3.2, 3.2, 3.2, 3.2],
  [3.3, 3.3, 3.3, 3.3],
  [3.4, 3.4, 3.4, 3.4],
  [3.5, 3.5, 3.5, 3.5]],

 [[4.1, 4.1, 4.1, 4.1],
  [4.2, 4.2, 4.2, 4.2],
  [4.3, 4.3, 4.3, 4.3],
  [4.4, 4.4, 4.4, 4.4],
  [4.5, 4.5, 4.5, 4.5]]]
tensor 3 name : Tensor[7](INT32)(labels)(2)
tensor 3 value : 
[0, 0]
tensor 4 name : Tensor[8](INT32)(valid_lens)(2)
tensor 4 value : 
[2, 4]
tensor 5 name : Tensor[9](w_q_w_linear)(2, 10)
tensor 5 value : 
[[0.1, 1, 1, 1, 1, 1, 1, 1, 1, 1],
 [1, 1, 1, 1, 1, 1, 1, 1, 1, 1]]
tensor 6 name : Tensor[11](w_q_w_linear_m)(2, 10)
tensor 6 value : 
[[0, 0, 0, 0, 0, 0, 0, 0, 0, 0],
 [0, 0, 0, 0, 0, 0, 0, 0, 0, 0]]
tensor 7 name : Tensor[12](w_q_w_linear_v)(2, 10)
tensor 7 value : 
[[0, 0, 0, 0, 0, 0, 0, 0, 0, 0],
 [0, 0, 0, 0, 0, 0, 0, 0, 0, 0]]
tensor 8 name : Tensor[29](w_k_w_linear)(2, 10)
tensor 8 value : 
[[0.1, 1, 1, 1, 1, 1, 1, 1, 1, 1],
 [1, 1, 1, 1, 1, 1, 1, 1, 1, 1]]
tensor 9 name : Tensor[31](w_k_w_linear_m)(2, 10)
tensor 9 value : 
[[0, 0, 0, 0, 0, 0, 0, 0, 0, 0],
 [0, 0, 0, 0, 0, 0, 0, 0, 0, 0]]
tensor 10 name : Tensor[32](w_k_w_linear_v)(2, 10)
tensor 10 value : 
[[0, 0, 0, 0, 0, 0, 0, 0, 0, 0],
 [0, 0, 0, 0, 0, 0, 0, 0, 0, 0]]
tensor 11 name : Tensor[49](w_v_w_linear)(4, 10)
tensor 11 value : 
[[0.1, 1, 1, 1, 1, 1, 1, 1, 1, 1],
 [1, 1, 1, 1, 1, 1, 1, 1, 1, 1],
 [1, 1, 1, 1, 1, 1, 1, 1, 1, 1],
 [1, 1, 1, 1, 1, 1, 1, 1, 1, 1]]
tensor 12 name : Tensor[51](w_v_w_linear_m)(4, 10)
tensor 12 value : 
[[0, 0, 0, 0, 0, 0, 0, 0, 0, 0],
 [0, 0, 0, 0, 0, 0, 0, 0, 0, 0],
 [0, 0, 0, 0, 0, 0, 0, 0, 0, 0],
 [0, 0, 0, 0, 0, 0, 0, 0, 0, 0]]
tensor 13 name : Tensor[52](w_v_w_linear_v)(4, 10)
tensor 13 value : 
[[0, 0, 0, 0, 0, 0, 0, 0, 0, 0],
 [0, 0, 0, 0, 0, 0, 0, 0, 0, 0],
 [0, 0, 0, 0, 0, 0, 0, 0, 0, 0],
 [0, 0, 0, 0, 0, 0, 0, 0, 0, 0]]
tensor 14 name : Tensor[150](w_o_w_linear)(10, 10)
tensor 14 value : 
[[0.1, 1, 1, 1, 1, 1, 1, 1, 1, 1],
 [1, 1, 1, 1, 1, 1, 1, 1, 1, 1],
 [1, 1, 1, 1, 1, 1, 1, 1, 1, 1],
 [1, 1, 1, 1, 1, 1, 1, 1, 1, 1],
 [1, 1, 1, 1, 1, 1, 1, 1, 1, 1],
 [1, 1, 1, 1, 1, 1, 1, 1, 1, 1],
 [1, 1, 1, 1, 1, 1, 1, 1, 1, 1],
 [1, 1, 1, 1, 1, 1, 1, 1, 1, 1],
 [1, 1, 1, 1, 1, 1, 1, 1, 1, 1],
 [1, 1, 1, 1, 1, 1, 1, 1, 1, 1]]
tensor 15 name : Tensor[152](w_o_w_linear_m)(10, 10)
tensor 15 value : 
[[0, 0, 0, 0, 0, 0, 0, 0, 0, 0],
 [0, 0, 0, 0, 0, 0, 0, 0, 0, 0],
 [0, 0, 0, 0, 0, 0, 0, 0, 0, 0],
 [0, 0, 0, 0, 0, 0, 0, 0, 0, 0],
 [0, 0, 0, 0, 0, 0, 0, 0, 0, 0],
 [0, 0, 0, 0, 0, 0, 0, 0, 0, 0],
 [0, 0, 0, 0, 0, 0, 0, 0, 0, 0],
 [0, 0, 0, 0, 0, 0, 0, 0, 0, 0],
 [0, 0, 0, 0, 0, 0, 0, 0, 0, 0],
 [0, 0, 0, 0, 0, 0, 0, 0, 0, 0]]
tensor 16 name : Tensor[153](w_o_w_linear_v)(10, 10)
tensor 16 value : 
[[0, 0, 0, 0, 0, 0, 0, 0, 0, 0],
 [0, 0, 0, 0, 0, 0, 0, 0, 0, 0],
 [0, 0, 0, 0, 0, 0, 0, 0, 0, 0],
 [0, 0, 0, 0, 0, 0, 0, 0, 0, 0],
 [0, 0, 0, 0, 0, 0, 0, 0, 0, 0],
 [0, 0, 0, 0, 0, 0, 0, 0, 0, 0],
 [0, 0, 0, 0, 0, 0, 0, 0, 0, 0],
 [0, 0, 0, 0, 0, 0, 0, 0, 0, 0],
 [0, 0, 0, 0, 0, 0, 0, 0, 0, 0],
 [0, 0, 0, 0, 0, 0, 0, 0, 0, 0]]
tensor_view 0 name : Tensor[13](queries_reshape)(2, 2)
tensor_view 0 value : 
[[0.1, 0.1],
 [0.2, 0.2]]
tensor_view 1 name : Tensor[14](queries_grad_reshape)(2, 2)
tensor_view 1 value : 
[[0.0126304, 0.0141722],
 [0.0619904, 0.0695576]]
tensor_view 2 name : Tensor[17](res_at_reshape)(2, 1, 10)
tensor_view 2 value : 
[[[0.11, 0.2, 0.2, 0.2, 0.2, 0.2, 0.2, 0.2, 0.2, 0.2]],

 [[0.22, 0.4, 0.4, 0.4, 0.4, 0.4, 0.4, 0.4, 0.4, 0.4]]]
tensor_view 3 name : Tensor[18](res_at_grad_reshape)(2, 1, 10)
tensor_view 3 value : 
[[[0.00171313, 0.00311477, 0.00311477, 0.00311477, 0.00311477, 2.99281e-09, 2.99281e-09, 2.99281e-09, 2.99281e-09, 2.99281e-09]],

 [[0.00840805, 0.0152874, 0.0152874, 0.0152874, 0.0152874, 1.45946e-08, 1.45946e-08, 1.45946e-08, 1.45946e-08, 1.45946e-08]]]
tensor_view 4 name : Tensor[19](res_at_reshape_reshape)(2, 1, 2, 5)
tensor_view 4 value : 
[[[[0.11, 0.2, 0.2, 0.2, 0.2],
   [0.2, 0.2, 0.2, 0.2, 0.2]]],


 [[[0.22, 0.4, 0.4, 0.4, 0.4],
   [0.4, 0.4, 0.4, 0.4, 0.4]]]]
tensor_view 5 name : Tensor[20](res_at_grad_reshape_reshape)(2, 1, 2, 5)
tensor_view 5 value : 
[[[[0.00171313, 0.00311477, 0.00311477, 0.00311477, 0.00311477],
   [2.99281e-09, 2.99281e-09, 2.99281e-09, 2.99281e-09, 2.99281e-09]]],


 [[[0.00840805, 0.0152874, 0.0152874, 0.0152874, 0.0152874],
   [1.45946e-08, 1.45946e-08, 1.45946e-08, 1.45946e-08, 1.45946e-08]]]]
tensor_view 6 name : Tensor[21](res_at_reshape_reshape_permute)(2, 2, 1, 5)
tensor_view 6 value : 
[[[[0.11, 0.2, 0.2, 0.2, 0.2]],

  [[0.2, 0.2, 0.2, 0.2, 0.2]]],


 [[[0.22, 0.4, 0.4, 0.4, 0.4]],

  [[0.4, 0.4, 0.4, 0.4, 0.4]]]]
tensor_view 7 name : Tensor[22](res_at_grad_reshape_reshape_permute)(2, 2, 1, 5)
tensor_view 7 value : 
[[[[0.00171313, 0.00311477, 0.00311477, 0.00311477, 0.00311477]],

  [[2.99281e-09, 2.99281e-09, 2.99281e-09, 2.99281e-09, 2.99281e-09]]],


 [[[0.00840805, 0.0152874, 0.0152874, 0.0152874, 0.0152874]],

  [[1.45946e-08, 1.45946e-08, 1.45946e-08, 1.45946e-08, 1.45946e-08]]]]
tensor_view 8 name : Tensor[33](keys_reshape)(10, 2)
tensor_view 8 value : 
[[1.1, 1.1],
 [1.2, 1.2],
 [1.3, 1.3],
 [1.4, 1.4],
 [1.5, 1.5],
 [2.1, 2.1],
 [2.2, 2.2],
 [2.3, 2.3],
 [2.4, 2.4],
 [2.5, 2.5]]
tensor_view 9 name : Tensor[34](keys_grad_reshape)(10, 2)
tensor_view 9 value : 
[[-0.0126299, -0.0141717],
 [0.01263, 0.0141717],
 [0, 0],
 [0, 0],
 [0, 0],
 [-0.0334634, -0.0375484],
 [-0.0159517, -0.017899],
 [0.00831521, 0.00933026],
 [0.0411001, 0.0461172],
 [0, 0]]
tensor_view 10 name : Tensor[37](res_at_reshape)(2, 5, 10)
tensor_view 10 value : 
[[[1.21, 2.2, 2.2, 2.2, 2.2, 2.2, 2.2, 2.2, 2.2, 2.2],
  [1.32, 2.4, 2.4, 2.4, 2.4, 2.4, 2.4, 2.4, 2.4, 2.4],
  [1.43, 2.6, 2.6, 2.6, 2.6, 2.6, 2.6, 2.6, 2.6, 2.6],
  [1.54, 2.8, 2.8, 2.8, 2.8, 2.8, 2.8, 2.8, 2.8, 2.8],
  [1.65, 3, 3, 3, 3, 3, 3, 3, 3, 3]],

 [[2.31, 4.2, 4.2, 4.2, 4.2, 4.2, 4.2, 4.2, 4.2, 4.2],
  [2.42, 4.4, 4.4, 4.4, 4.4, 4.4, 4.4, 4.4, 4.4, 4.4],
  [2.53, 4.6, 4.6, 4.6, 4.6, 4.6, 4.6, 4.6, 4.6, 4.6],
  [2.64, 4.8, 4.8, 4.8, 4.8, 4.8, 4.8, 4.8, 4.8, 4.8],
  [2.75, 5, 5, 5, 5, 5, 5, 5, 5, 5]]]
tensor_view 11 name : Tensor[38](res_at_grad_reshape)(2, 5, 10)
tensor_view 11 value : 
[[[-0.00171306, -0.00311465, -0.00311465, -0.00311465, -0.00311465, -2.99281e-09, -2.99281e-09, -2.99281e-09, -2.99281e-09, -2.99281e-09],
  [0.00171306, 0.00311466, 0.00311466, 0.00311466, 0.00311466, 2.99281e-09, 2.99281e-09, 2.99281e-09, 2.99281e-09, 2.99281e-09],
  [0, 0, 0, 0, 0, 0, 0, 0, 0, 0],
  [0, 0, 0, 0, 0, 0, 0, 0, 0, 0],
  [0, 0, 0, 0, 0, 0, 0, 0, 0, 0]],

 [[-0.00453881, -0.00825238, -0.00825238, -0.00825238, -0.00825238, -7.73982e-09, -7.73982e-09, -7.73982e-09, -7.73982e-09, -7.73982e-09],
  [-0.00216361, -0.00393384, -0.00393384, -0.00393384, -0.00393384, -3.87957e-09, -3.87957e-09, -3.87957e-09, -3.87957e-09, -3.87957e-09],
  [0.00112783, 0.0020506, 0.0020506, 0.0020506, 0.0020506, 1.78993e-09, 1.78993e-09, 1.78993e-09, 1.78993e-09, 1.78993e-09],
  [0.0055746, 0.0101356, 0.0101356, 0.0101356, 0.0101356, 9.82948e-09, 9.82948e-09, 9.82948e-09, 9.82948e-09, 9.82948e-09],
  [0, 0, 0, 0, 0, 0, 0, 0, 0, 0]]]
tensor_view 12 name : Tensor[39](res_at_reshape_reshape)(2, 5, 2, 5)
tensor_view 12 value : 
[[[[1.21, 2.2, 2.2, 2.2, 2.2],
   [2.2, 2.2, 2.2, 2.2, 2.2]],

  [[1.32, 2.4, 2.4, 2.4, 2.4],
   [2.4, 2.4, 2.4, 2.4, 2.4]],

  [[1.43, 2.6, 2.6, 2.6, 2.6],
   [2.6, 2.6, 2.6, 2.6, 2.6]],

  [[1.54, 2.8, 2.8, 2.8, 2.8],
   [2.8, 2.8, 2.8, 2.8, 2.8]],

  [[1.65, 3, 3, 3, 3],
   [3, 3, 3, 3, 3]]],


 [[[2.31, 4.2, 4.2, 4.2, 4.2],
   [4.2, 4.2, 4.2, 4.2, 4.2]],

  [[2.42, 4.4, 4.4, 4.4, 4.4],
   [4.4, 4.4, 4.4, 4.4, 4.4]],

  [[2.53, 4.6, 4.6, 4.6, 4.6],
   [4.6, 4.6, 4.6, 4.6, 4.6]],

  [[2.64, 4.8, 4.8, 4.8, 4.8],
   [4.8, 4.8, 4.8, 4.8, 4.8]],

  [[2.75, 5, 5, 5, 5],
   [5, 5, 5, 5, 5]]]]
tensor_view 13 name : Tensor[40](res_at_grad_reshape_reshape)(2, 5, 2, 5)
tensor_view 13 value : 
[[[[-0.00171306, -0.00311465, -0.00311465, -0.00311465, -0.00311465],
   [-2.99281e-09, -2.99281e-09, -2.99281e-09, -2.99281e-09, -2.99281e-09]],

  [[0.00171306, 0.00311466, 0.00311466, 0.00311466, 0.00311466],
   [2.99281e-09, 2.99281e-09, 2.99281e-09, 2.99281e-09, 2.99281e-09]],

  [[0, 0, 0, 0, 0],
   [0, 0, 0, 0, 0]],

  [[0, 0, 0, 0, 0],
   [0, 0, 0, 0, 0]],

  [[0, 0, 0, 0, 0],
   [0, 0, 0, 0, 0]]],


 [[[-0.00453881, -0.00825238, -0.00825238, -0.00825238, -0.00825238],
   [-7.73982e-09, -7.73982e-09, -7.73982e-09, -7.73982e-09, -7.73982e-09]],

  [[-0.00216361, -0.00393384, -0.00393384, -0.00393384, -0.00393384],
   [-3.87957e-09, -3.87957e-09, -3.87957e-09, -3.87957e-09, -3.87957e-09]],

  [[0.00112783, 0.0020506, 0.0020506, 0.0020506, 0.0020506],
   [1.78993e-09, 1.78993e-09, 1.78993e-09, 1.78993e-09, 1.78993e-09]],

  [[0.0055746, 0.0101356, 0.0101356, 0.0101356, 0.0101356],
   [9.82948e-09, 9.82948e-09, 9.82948e-09, 9.82948e-09, 9.82948e-09]],

  [[0, 0, 0, 0, 0],
   [0, 0, 0, 0, 0]]]]
tensor_view 14 name : Tensor[41](res_at_reshape_reshape_permute)(2, 2, 5, 5)
tensor_view 14 value : 
[[[[1.21, 2.2, 2.2, 2.2, 2.2],
   [1.32, 2.4, 2.4, 2.4, 2.4],
   [1.43, 2.6, 2.6, 2.6, 2.6],
   [1.54, 2.8, 2.8, 2.8, 2.8],
   [1.65, 3, 3, 3, 3]],

  [[2.2, 2.2, 2.2, 2.2, 2.2],
   [2.4, 2.4, 2.4, 2.4, 2.4],
   [2.6, 2.6, 2.6, 2.6, 2.6],
   [2.8, 2.8, 2.8, 2.8, 2.8],
   [3, 3, 3, 3, 3]]],


 [[[2.31, 4.2, 4.2, 4.2, 4.2],
   [2.42, 4.4, 4.4, 4.4, 4.4],
   [2.53, 4.6, 4.6, 4.6, 4.6],
   [2.64, 4.8, 4.8, 4.8, 4.8],
   [2.75, 5, 5, 5, 5]],

  [[4.2, 4.2, 4.2, 4.2, 4.2],
   [4.4, 4.4, 4.4, 4.4, 4.4],
   [4.6, 4.6, 4.6, 4.6, 4.6],
   [4.8, 4.8, 4.8, 4.8, 4.8],
   [5, 5, 5, 5, 5]]]]
tensor_view 15 name : Tensor[42](res_at_grad_reshape_reshape_permute)(2, 2, 5, 5)
tensor_view 15 value : 
[[[[-0.00171306, -0.00311465, -0.00311465, -0.00311465, -0.00311465],
   [0.00171306, 0.00311466, 0.00311466, 0.00311466, 0.00311466],
   [0, 0, 0, 0, 0],
   [0, 0, 0, 0, 0],
   [0, 0, 0, 0, 0]],

  [[-2.99281e-09, -2.99281e-09, -2.99281e-09, -2.99281e-09, -2.99281e-09],
   [2.99281e-09, 2.99281e-09, 2.99281e-09, 2.99281e-09, 2.99281e-09],
   [0, 0, 0, 0, 0],
   [0, 0, 0, 0, 0],
   [0, 0, 0, 0, 0]]],


 [[[-0.00453881, -0.00825238, -0.00825238, -0.00825238, -0.00825238],
   [-0.00216361, -0.00393384, -0.00393384, -0.00393384, -0.00393384],
   [0.00112783, 0.0020506, 0.0020506, 0.0020506, 0.0020506],
   [0.0055746, 0.0101356, 0.0101356, 0.0101356, 0.0101356],
   [0, 0, 0, 0, 0]],

  [[-7.73982e-09, -7.73982e-09, -7.73982e-09, -7.73982e-09, -7.73982e-09],
   [-3.87957e-09, -3.87957e-09, -3.87957e-09, -3.87957e-09, -3.87957e-09],
   [1.78993e-09, 1.78993e-09, 1.78993e-09, 1.78993e-09, 1.78993e-09],
   [9.82948e-09, 9.82948e-09, 9.82948e-09, 9.82948e-09, 9.82948e-09],
   [0, 0, 0, 0, 0]]]]
tensor_view 16 name : Tensor[53](values_reshape)(10, 4)
tensor_view 16 value : 
[[3.1, 3.1, 3.1, 3.1],
 [3.2, 3.2, 3.2, 3.2],
 [3.3, 3.3, 3.3, 3.3],
 [3.4, 3.4, 3.4, 3.4],
 [3.5, 3.5, 3.5, 3.5],
 [4.1, 4.1, 4.1, 4.1],
 [4.2, 4.2, 4.2, 4.2],
 [4.3, 4.3, 4.3, 4.3],
 [4.4, 4.4, 4.4, 4.4],
 [4.5, 4.5, 4.5, 4.5]]
tensor_view 17 name : Tensor[54](values_grad_reshape)(10, 4)
tensor_view 17 value : 
[[0.0216345, 0.216342, 0.216342, 0.216342],
 [0.0233654, 0.233651, 0.233651, 0.233651],
 [0, 0, 0, 0],
 [0, 0, 0, 0],
 [0, 0, 0, 0],
 [0.00879975, 0.0879965, 0.0879965, 0.0879965],
 [0.0102641, 0.10264, 0.10264, 0.10264],
 [0.0119722, 0.11972, 0.11972, 0.11972],
 [0.0139645, 0.139643, 0.139643, 0.139643],
 [0, 0, 0, 0]]
tensor_view 18 name : Tensor[57](res_at_reshape)(2, 5, 10)
tensor_view 18 value : 
[[[9.61, 12.4, 12.4, 12.4, 12.4, 12.4, 12.4, 12.4, 12.4, 12.4],
  [9.92, 12.8, 12.8, 12.8, 12.8, 12.8, 12.8, 12.8, 12.8, 12.8],
  [10.23, 13.2, 13.2, 13.2, 13.2, 13.2, 13.2, 13.2, 13.2, 13.2],
  [10.54, 13.6, 13.6, 13.6, 13.6, 13.6, 13.6, 13.6, 13.6, 13.6],
  [10.85, 14, 14, 14, 14, 14, 14, 14, 14, 14]],

 [[12.71, 16.4, 16.4, 16.4, 16.4, 16.4, 16.4, 16.4, 16.4, 16.4],
  [13.02, 16.8, 16.8, 16.8, 16.8, 16.8, 16.8, 16.8, 16.8, 16.8],
  [13.33, 17.2, 17.2, 17.2, 17.2, 17.2, 17.2, 17.2, 17.2, 17.2],
  [13.64, 17.6, 17.6, 17.6, 17.6, 17.6, 17.6, 17.6, 17.6, 17.6],
  [13.95, 18, 18, 18, 18, 18, 18, 18, 18, 18]]]
tensor_view 19 name : Tensor[58](res_at_grad_reshape)(2, 5, 10)
tensor_view 19 value : 
[[[0.216342, 3.2238e-08, 3.2238e-08, 3.2238e-08, 3.2238e-08, 3.20292e-08, 3.20292e-08, 3.20292e-08, 3.20292e-08, 3.20292e-08],
  [0.23365, 3.48172e-08, 3.48172e-08, 3.48172e-08, 3.48172e-08, 3.5026e-08, 3.5026e-08, 3.5026e-08, 3.5026e-08, 3.5026e-08],
  [0, 0, 0, 0, 0, 0, 0, 0, 0, 0],
  [0, 0, 0, 0, 0, 0, 0, 0, 0, 0],
  [0, 0, 0, 0, 0, 0, 0, 0, 0, 0]],

 [[0.0879964, 1.31125e-08, 1.31125e-08, 1.31125e-08, 1.31125e-08, 1.25659e-08, 1.25659e-08, 1.25659e-08, 1.25659e-08, 1.25659e-08],
  [0.10264, 1.52946e-08, 1.52946e-08, 1.52946e-08, 1.52946e-08, 1.50273e-08, 1.50273e-08, 1.50273e-08, 1.50273e-08, 1.50273e-08],
  [0.11972, 1.78397e-08, 1.78397e-08, 1.78397e-08, 1.78397e-08, 1.79709e-08, 1.79709e-08, 1.79709e-08, 1.79709e-08, 1.79709e-08],
  [0.139643, 2.08084e-08, 2.08084e-08, 2.08084e-08, 2.08084e-08, 2.14911e-08, 2.14911e-08, 2.14911e-08, 2.14911e-08, 2.14911e-08],
  [0, 0, 0, 0, 0, 0, 0, 0, 0, 0]]]
tensor_view 20 name : Tensor[59](res_at_reshape_reshape)(2, 5, 2, 5)
tensor_view 20 value : 
[[[[9.61, 12.4, 12.4, 12.4, 12.4],
   [12.4, 12.4, 12.4, 12.4, 12.4]],

  [[9.92, 12.8, 12.8, 12.8, 12.8],
   [12.8, 12.8, 12.8, 12.8, 12.8]],

  [[10.23, 13.2, 13.2, 13.2, 13.2],
   [13.2, 13.2, 13.2, 13.2, 13.2]],

  [[10.54, 13.6, 13.6, 13.6, 13.6],
   [13.6, 13.6, 13.6, 13.6, 13.6]],

  [[10.85, 14, 14, 14, 14],
   [14, 14, 14, 14, 14]]],


 [[[12.71, 16.4, 16.4, 16.4, 16.4],
   [16.4, 16.4, 16.4, 16.4, 16.4]],

  [[13.02, 16.8, 16.8, 16.8, 16.8],
   [16.8, 16.8, 16.8, 16.8, 16.8]],

  [[13.33, 17.2, 17.2, 17.2, 17.2],
   [17.2, 17.2, 17.2, 17.2, 17.2]],

  [[13.64, 17.6, 17.6, 17.6, 17.6],
   [17.6, 17.6, 17.6, 17.6, 17.6]],

  [[13.95, 18, 18, 18, 18],
   [18, 18, 18, 18, 18]]]]
tensor_view 21 name : Tensor[60](res_at_grad_reshape_reshape)(2, 5, 2, 5)
tensor_view 21 value : 
[[[[0.216342, 3.2238e-08, 3.2238e-08, 3.2238e-08, 3.2238e-08],
   [3.20292e-08, 3.20292e-08, 3.20292e-08, 3.20292e-08, 3.20292e-08]],

  [[0.23365, 3.48172e-08, 3.48172e-08, 3.48172e-08, 3.48172e-08],
   [3.5026e-08, 3.5026e-08, 3.5026e-08, 3.5026e-08, 3.5026e-08]],

  [[0, 0, 0, 0, 0],
   [0, 0, 0, 0, 0]],

  [[0, 0, 0, 0, 0],
   [0, 0, 0, 0, 0]],

  [[0, 0, 0, 0, 0],
   [0, 0, 0, 0, 0]]],


 [[[0.0879964, 1.31125e-08, 1.31125e-08, 1.31125e-08, 1.31125e-08],
   [1.25659e-08, 1.25659e-08, 1.25659e-08, 1.25659e-08, 1.25659e-08]],

  [[0.10264, 1.52946e-08, 1.52946e-08, 1.52946e-08, 1.52946e-08],
   [1.50273e-08, 1.50273e-08, 1.50273e-08, 1.50273e-08, 1.50273e-08]],

  [[0.11972, 1.78397e-08, 1.78397e-08, 1.78397e-08, 1.78397e-08],
   [1.79709e-08, 1.79709e-08, 1.79709e-08, 1.79709e-08, 1.79709e-08]],

  [[0.139643, 2.08084e-08, 2.08084e-08, 2.08084e-08, 2.08084e-08],
   [2.14911e-08, 2.14911e-08, 2.14911e-08, 2.14911e-08, 2.14911e-08]],

  [[0, 0, 0, 0, 0],
   [0, 0, 0, 0, 0]]]]
tensor_view 22 name : Tensor[61](res_at_reshape_reshape_permute)(2, 2, 5, 5)
tensor_view 22 value : 
[[[[9.61, 12.4, 12.4, 12.4, 12.4],
   [9.92, 12.8, 12.8, 12.8, 12.8],
   [10.23, 13.2, 13.2, 13.2, 13.2],
   [10.54, 13.6, 13.6, 13.6, 13.6],
   [10.85, 14, 14, 14, 14]],

  [[12.4, 12.4, 12.4, 12.4, 12.4],
   [12.8, 12.8, 12.8, 12.8, 12.8],
   [13.2, 13.2, 13.2, 13.2, 13.2],
   [13.6, 13.6, 13.6, 13.6, 13.6],
   [14, 14, 14, 14, 14]]],


 [[[12.71, 16.4, 16.4, 16.4, 16.4],
   [13.02, 16.8, 16.8, 16.8, 16.8],
   [13.33, 17.2, 17.2, 17.2, 17.2],
   [13.64, 17.6, 17.6, 17.6, 17.6],
   [13.95, 18, 18, 18, 18]],

  [[16.4, 16.4, 16.4, 16.4, 16.4],
   [16.8, 16.8, 16.8, 16.8, 16.8],
   [17.2, 17.2, 17.2, 17.2, 17.2],
   [17.6, 17.6, 17.6, 17.6, 17.6],
   [18, 18, 18, 18, 18]]]]
tensor_view 23 name : Tensor[62](res_at_grad_reshape_reshape_permute)(2, 2, 5, 5)
tensor_view 23 value : 
[[[[0.216342, 3.2238e-08, 3.2238e-08, 3.2238e-08, 3.2238e-08],
   [0.23365, 3.48172e-08, 3.48172e-08, 3.48172e-08, 3.48172e-08],
   [0, 0, 0, 0, 0],
   [0, 0, 0, 0, 0],
   [0, 0, 0, 0, 0]],

  [[3.20292e-08, 3.20292e-08, 3.20292e-08, 3.20292e-08, 3.20292e-08],
   [3.5026e-08, 3.5026e-08, 3.5026e-08, 3.5026e-08, 3.5026e-08],
   [0, 0, 0, 0, 0],
   [0, 0, 0, 0, 0],
   [0, 0, 0, 0, 0]]],


 [[[0.0879964, 1.31125e-08, 1.31125e-08, 1.31125e-08, 1.31125e-08],
   [0.10264, 1.52946e-08, 1.52946e-08, 1.52946e-08, 1.52946e-08],
   [0.11972, 1.78397e-08, 1.78397e-08, 1.78397e-08, 1.78397e-08],
   [0.139643, 2.08084e-08, 2.08084e-08, 2.08084e-08, 2.08084e-08],
   [0, 0, 0, 0, 0]],

  [[1.25659e-08, 1.25659e-08, 1.25659e-08, 1.25659e-08, 1.25659e-08],
   [1.50273e-08, 1.50273e-08, 1.50273e-08, 1.50273e-08, 1.50273e-08],
   [1.79709e-08, 1.79709e-08, 1.79709e-08, 1.79709e-08, 1.79709e-08],
   [2.14911e-08, 2.14911e-08, 2.14911e-08, 2.14911e-08, 2.14911e-08],
   [0, 0, 0, 0, 0]]]]
tensor_view 24 name : Tensor[70](res_at_reshape_reshape_permute_reshape_deep_copy_transpose)(4, 5, 5)
tensor_view 24 value : 
[[[1.21, 1.32, 1.43, 1.54, 1.65],
  [2.2, 2.4, 2.6, 2.8, 3],
  [2.2, 2.4, 2.6, 2.8, 3],
  [2.2, 2.4, 2.6, 2.8, 3],
  [2.2, 2.4, 2.6, 2.8, 3]],

 [[2.2, 2.4, 2.6, 2.8, 3],
  [2.2, 2.4, 2.6, 2.8, 3],
  [2.2, 2.4, 2.6, 2.8, 3],
  [2.2, 2.4, 2.6, 2.8, 3],
  [2.2, 2.4, 2.6, 2.8, 3]],

 [[2.31, 2.42, 2.53, 2.64, 2.75],
  [4.2, 4.4, 4.6, 4.8, 5],
  [4.2, 4.4, 4.6, 4.8, 5],
  [4.2, 4.4, 4.6, 4.8, 5],
  [4.2, 4.4, 4.6, 4.8, 5]],

 [[4.2, 4.4, 4.6, 4.8, 5],
  [4.2, 4.4, 4.6, 4.8, 5],
  [4.2, 4.4, 4.6, 4.8, 5],
  [4.2, 4.4, 4.6, 4.8, 5],
  [4.2, 4.4, 4.6, 4.8, 5]]]
tensor_view 25 name : Tensor[71](res_at_grad_reshape_reshape_permute_reshape_deep_copy_transpose)(4, 5, 5)
tensor_view 25 value : 
[[[-0.00171306, 0.00171306, 0, 0, 0],
  [-0.00311465, 0.00311466, 0, 0, 0],
  [-0.00311465, 0.00311466, 0, 0, 0],
  [-0.00311465, 0.00311466, 0, 0, 0],
  [-0.00311465, 0.00311466, 0, 0, 0]],

 [[-2.99281e-09, 2.99281e-09, 0, 0, 0],
  [-2.99281e-09, 2.99281e-09, 0, 0, 0],
  [-2.99281e-09, 2.99281e-09, 0, 0, 0],
  [-2.99281e-09, 2.99281e-09, 0, 0, 0],
  [-2.99281e-09, 2.99281e-09, 0, 0, 0]],

 [[-0.00453881, -0.00216361, 0.00112783, 0.0055746, 0],
  [-0.00825238, -0.00393384, 0.0020506, 0.0101356, 0],
  [-0.00825238, -0.00393384, 0.0020506, 0.0101356, 0],
  [-0.00825238, -0.00393384, 0.0020506, 0.0101356, 0],
  [-0.00825238, -0.00393384, 0.0020506, 0.0101356, 0]],

 [[-7.73982e-09, -3.87957e-09, 1.78993e-09, 9.82948e-09, 0],
  [-7.73982e-09, -3.87957e-09, 1.78993e-09, 9.82948e-09, 0],
  [-7.73982e-09, -3.87957e-09, 1.78993e-09, 9.82948e-09, 0],
  [-7.73982e-09, -3.87957e-09, 1.78993e-09, 9.82948e-09, 0],
  [-7.73982e-09, -3.87957e-09, 1.78993e-09, 9.82948e-09, 0]]]
tensor_view 26 name : Tensor[78](res_at_reshape_reshape_permute_reshape_deep_copy_split_0)(1, 5)
tensor_view 26 value : 
[[0.11, 0.2, 0.2, 0.2, 0.2]]
tensor_view 27 name : Tensor[79](res_at_grad_reshape_reshape_permute_reshape_deep_copy_split_0)(1, 5)
tensor_view 27 value : 
[[0.00171313, 0.00311477, 0.00311477, 0.00311477, 0.00311477]]
tensor_view 28 name : Tensor[80](res_at_reshape_reshape_permute_reshape_deep_copy_split_1)(1, 5)
tensor_view 28 value : 
[[0.2, 0.2, 0.2, 0.2, 0.2]]
tensor_view 29 name : Tensor[81](res_at_grad_reshape_reshape_permute_reshape_deep_copy_split_1)(1, 5)
tensor_view 29 value : 
[[2.99281e-09, 2.99281e-09, 2.99281e-09, 2.99281e-09, 2.99281e-09]]
tensor_view 30 name : Tensor[82](res_at_reshape_reshape_permute_reshape_deep_copy_split_2)(1, 5)
tensor_view 30 value : 
[[0.22, 0.4, 0.4, 0.4, 0.4]]
tensor_view 31 name : Tensor[83](res_at_grad_reshape_reshape_permute_reshape_deep_copy_split_2)(1, 5)
tensor_view 31 value : 
[[0.00840805, 0.0152874, 0.0152874, 0.0152874, 0.0152874]]
tensor_view 32 name : Tensor[84](res_at_reshape_reshape_permute_reshape_deep_copy_split_3)(1, 5)
tensor_view 32 value : 
[[0.4, 0.4, 0.4, 0.4, 0.4]]
tensor_view 33 name : Tensor[85](res_at_grad_reshape_reshape_permute_reshape_deep_copy_split_3)(1, 5)
tensor_view 33 value : 
[[1.45946e-08, 1.45946e-08, 1.45946e-08, 1.45946e-08, 1.45946e-08]]
tensor_view 34 name : Tensor[86](res_at_reshape_reshape_permute_reshape_deep_copy_transpose_reshape_deep_copy_split_0)(5, 5)
tensor_view 34 value : 
[[1.21, 1.32, 1.43, 1.54, 1.65],
 [2.2, 2.4, 2.6, 2.8, 3],
 [2.2, 2.4, 2.6, 2.8, 3],
 [2.2, 2.4, 2.6, 2.8, 3],
 [2.2, 2.4, 2.6, 2.8, 3]]
tensor_view 35 name : Tensor[87](res_at_grad_reshape_reshape_permute_reshape_deep_copy_transpose_reshape_deep_copy_split_0)(5, 5)
tensor_view 35 value : 
[[-0.00171306, 0.00171306, 0, 0, 0],
 [-0.00311465, 0.00311466, 0, 0, 0],
 [-0.00311465, 0.00311466, 0, 0, 0],
 [-0.00311465, 0.00311466, 0, 0, 0],
 [-0.00311465, 0.00311466, 0, 0, 0]]
tensor_view 36 name : Tensor[88](res_at_reshape_reshape_permute_reshape_deep_copy_transpose_reshape_deep_copy_split_1)(5, 5)
tensor_view 36 value : 
[[2.2, 2.4, 2.6, 2.8, 3],
 [2.2, 2.4, 2.6, 2.8, 3],
 [2.2, 2.4, 2.6, 2.8, 3],
 [2.2, 2.4, 2.6, 2.8, 3],
 [2.2, 2.4, 2.6, 2.8, 3]]
tensor_view 37 name : Tensor[89](res_at_grad_reshape_reshape_permute_reshape_deep_copy_transpose_reshape_deep_copy_split_1)(5, 5)
tensor_view 37 value : 
[[-2.99281e-09, 2.99281e-09, 0, 0, 0],
 [-2.99281e-09, 2.99281e-09, 0, 0, 0],
 [-2.99281e-09, 2.99281e-09, 0, 0, 0],
 [-2.99281e-09, 2.99281e-09, 0, 0, 0],
 [-2.99281e-09, 2.99281e-09, 0, 0, 0]]
tensor_view 38 name : Tensor[90](res_at_reshape_reshape_permute_reshape_deep_copy_transpose_reshape_deep_copy_split_2)(5, 5)
tensor_view 38 value : 
[[2.31, 2.42, 2.53, 2.64, 2.75],
 [4.2, 4.4, 4.6, 4.8, 5],
 [4.2, 4.4, 4.6, 4.8, 5],
 [4.2, 4.4, 4.6, 4.8, 5],
 [4.2, 4.4, 4.6, 4.8, 5]]
tensor_view 39 name : Tensor[91](res_at_grad_reshape_reshape_permute_reshape_deep_copy_transpose_reshape_deep_copy_split_2)(5, 5)
tensor_view 39 value : 
[[-0.00453881, -0.00216361, 0.00112783, 0.0055746, 0],
 [-0.00825238, -0.00393384, 0.0020506, 0.0101356, 0],
 [-0.00825238, -0.00393384, 0.0020506, 0.0101356, 0],
 [-0.00825238, -0.00393384, 0.0020506, 0.0101356, 0],
 [-0.00825238, -0.00393384, 0.0020506, 0.0101356, 0]]
tensor_view 40 name : Tensor[92](res_at_reshape_reshape_permute_reshape_deep_copy_transpose_reshape_deep_copy_split_3)(5, 5)
tensor_view 40 value : 
[[4.2, 4.4, 4.6, 4.8, 5],
 [4.2, 4.4, 4.6, 4.8, 5],
 [4.2, 4.4, 4.6, 4.8, 5],
 [4.2, 4.4, 4.6, 4.8, 5],
 [4.2, 4.4, 4.6, 4.8, 5]]
tensor_view 41 name : Tensor[93](res_at_grad_reshape_reshape_permute_reshape_deep_copy_transpose_reshape_deep_copy_split_3)(5, 5)
tensor_view 41 value : 
[[-7.73982e-09, -3.87957e-09, 1.78993e-09, 9.82948e-09, 0],
 [-7.73982e-09, -3.87957e-09, 1.78993e-09, 9.82948e-09, 0],
 [-7.73982e-09, -3.87957e-09, 1.78993e-09, 9.82948e-09, 0],
 [-7.73982e-09, -3.87957e-09, 1.78993e-09, 9.82948e-09, 0],
 [-7.73982e-09, -3.87957e-09, 1.78993e-09, 9.82948e-09, 0]]
tensor_view 42 name : Tensor[96](bmm_res_res_at_reshape_reshape_permute_reshape_deep_copy_res_at_reshape_reshape_permute_reshape_deep_copy_transpose_reshape_deep_copy_split_0)(1, 5)
tensor_view 42 value : 
[[1.8931, 2.0652, 2.2373, 2.4094, 2.5815]]
tensor_view 43 name : Tensor[97](bmm_res_res_at_reshape_reshape_permute_reshape_deep_copy_res_at_reshape_reshape_permute_reshape_deep_copy_transpose_reshape_deep_copy_grad_split_0)(1, 5)
tensor_view 43 value : 
[[-0.0155732, 0.0155733, 0, 0, 0]]
tensor_view 44 name : Tensor[98](bmm_res_res_at_reshape_reshape_permute_reshape_deep_copy_res_at_reshape_reshape_permute_reshape_deep_copy_transpose_reshape_deep_copy_split_1)(1, 5)
tensor_view 44 value : 
[[2.2, 2.4, 2.6, 2.8, 3]]
tensor_view 45 name : Tensor[99](bmm_res_res_at_reshape_reshape_permute_reshape_deep_copy_res_at_reshape_reshape_permute_reshape_deep_copy_transpose_reshape_deep_copy_grad_split_1)(1, 5)
tensor_view 45 value : 
[[-1.49641e-08, 1.49641e-08, 0, 0, 0]]
tensor_view 46 name : Tensor[100](bmm_res_res_at_reshape_reshape_permute_reshape_deep_copy_res_at_reshape_reshape_permute_reshape_deep_copy_transpose_reshape_deep_copy_split_2)(1, 5)
tensor_view 46 value : 
[[7.2282, 7.5724, 7.9166, 8.2608, 8.605]]
tensor_view 47 name : Tensor[101](bmm_res_res_at_reshape_reshape_permute_reshape_deep_copy_res_at_reshape_reshape_permute_reshape_deep_copy_transpose_reshape_deep_copy_grad_split_2)(1, 5)
tensor_view 47 value : 
[[-0.020631, -0.0098346, 0.00512651, 0.0253391, 0]]
tensor_view 48 name : Tensor[102](bmm_res_res_at_reshape_reshape_permute_reshape_deep_copy_res_at_reshape_reshape_permute_reshape_deep_copy_transpose_reshape_deep_copy_split_3)(1, 5)
tensor_view 48 value : 
[[8.4, 8.8, 9.2, 9.6, 10]]
tensor_view 49 name : Tensor[103](bmm_res_res_at_reshape_reshape_permute_reshape_deep_copy_res_at_reshape_reshape_permute_reshape_deep_copy_transpose_reshape_deep_copy_grad_split_3)(1, 5)
tensor_view 49 value : 
[[-1.93496e-08, -9.69893e-09, 4.47483e-09, 2.45737e-08, 0]]
tensor_view 50 name : Tensor[107](div_res_reshape)(4, 5)
tensor_view 50 value : 
[[0.84662, 0.923586, 1.00055, 1.07752, 1.15448],
 [0.98387, 1.07331, 1.16276, 1.2522, 1.34164],
 [3.23255, 3.38648, 3.54041, 3.69434, 3.84827],
 [3.75659, 3.93548, 4.11437, 4.29325, 4.47214]]
tensor_view 51 name : Tensor[108](div_res_grad_reshape)(4, 5)
tensor_view 51 value : 
[[-0.0348228, 0.0348229, 0, 0, 0],
 [-3.34607e-08, 3.34607e-08, 0, 0, 0],
 [-0.0461322, -0.0219908, 0.0114632, 0.0566599, 0],
 [-4.32669e-08, -2.16875e-08, 1.0006e-08, 5.49485e-08, 0]]
tensor_view 52 name : Tensor[110](div_res_reshape_sequence_mask_reshape)(4, 1, 5)
tensor_view 52 value : 
[[[0.84662, 0.923586, -1e+06, -1e+06, -1e+06]],

 [[0.98387, 1.07331, -1e+06, -1e+06, -1e+06]],

 [[3.23255, 3.38648, 3.54041, 3.69434, -1e+06]],

 [[3.75659, 3.93548, 4.11437, 4.29325, -1e+06]]]
tensor_view 53 name : Tensor[111](div_res_grad_reshape_reshape)(4, 1, 5)
tensor_view 53 value : 
[[[-0.0348228, 0.0348229, 0, 0, 0]],

 [[-3.34607e-08, 3.34607e-08, 0, 0, 0]],

 [[-0.0461322, -0.0219908, 0.0114632, 0.0566599, 0]],

 [[-4.32669e-08, -2.16875e-08, 1.0006e-08, 5.49485e-08, 0]]]
tensor_view 54 name : Tensor[114](div_res_reshape_sequence_mask_reshape_softmax_split_0)(1, 5)
tensor_view 54 value : 
[[0.480768, 0.519232, 0, 0, 0]]
tensor_view 55 name : Tensor[115](div_res_reshape_sequence_mask_reshape_softmax_grad_split_0)(1, 5)
tensor_view 55 value : 
[[4.32443, 4.46393, 4.60343, 4.74293, 4.88242]]
tensor_view 56 name : Tensor[116](div_res_reshape_sequence_mask_reshape_softmax_split_1)(1, 5)
tensor_view 56 value : 
[[0.477654, 0.522346, 0, 0, 0]]
tensor_view 57 name : Tensor[117](div_res_reshape_sequence_mask_reshape_softmax_grad_split_1)(1, 5)
tensor_view 57 value : 
[[4.15742e-06, 4.29153e-06, 4.42564e-06, 4.55976e-06, 4.69387e-06]]
tensor_view 58 name : Tensor[118](div_res_reshape_sequence_mask_reshape_softmax_split_2)(1, 5)
tensor_view 58 value : 
[[0.195548, 0.228089, 0.266045, 0.310318, 0]]
tensor_view 59 name : Tensor[119](div_res_reshape_sequence_mask_reshape_softmax_grad_split_2)(1, 5)
tensor_view 59 value : 
[[5.7195, 5.859, 5.9985, 6.138, 6.2775]]
tensor_view 60 name : Tensor[120](div_res_reshape_sequence_mask_reshape_softmax_split_3)(1, 5)
tensor_view 60 value : 
[[0.187396, 0.224104, 0.268002, 0.320499, 0]]
tensor_view 61 name : Tensor[121](div_res_reshape_sequence_mask_reshape_softmax_grad_split_3)(1, 5)
tensor_view 61 value : 
[[5.49853e-06, 5.63264e-06, 5.76675e-06, 5.90086e-06, 6.03497e-06]]
tensor_view 62 name : Tensor[122](res_at_reshape_reshape_permute_reshape_deep_copy_split_0)(5, 5)
tensor_view 62 value : 
[[9.61, 12.4, 12.4, 12.4, 12.4],
 [9.92, 12.8, 12.8, 12.8, 12.8],
 [10.23, 13.2, 13.2, 13.2, 13.2],
 [10.54, 13.6, 13.6, 13.6, 13.6],
 [10.85, 14, 14, 14, 14]]
tensor_view 63 name : Tensor[123](res_at_grad_reshape_reshape_permute_reshape_deep_copy_split_0)(5, 5)
tensor_view 63 value : 
[[0.216342, 3.2238e-08, 3.2238e-08, 3.2238e-08, 3.2238e-08],
 [0.23365, 3.48172e-08, 3.48172e-08, 3.48172e-08, 3.48172e-08],
 [0, 0, 0, 0, 0],
 [0, 0, 0, 0, 0],
 [0, 0, 0, 0, 0]]
tensor_view 64 name : Tensor[124](res_at_reshape_reshape_permute_reshape_deep_copy_split_1)(5, 5)
tensor_view 64 value : 
[[12.4, 12.4, 12.4, 12.4, 12.4],
 [12.8, 12.8, 12.8, 12.8, 12.8],
 [13.2, 13.2, 13.2, 13.2, 13.2],
 [13.6, 13.6, 13.6, 13.6, 13.6],
 [14, 14, 14, 14, 14]]
tensor_view 65 name : Tensor[125](res_at_grad_reshape_reshape_permute_reshape_deep_copy_split_1)(5, 5)
tensor_view 65 value : 
[[3.20292e-08, 3.20292e-08, 3.20292e-08, 3.20292e-08, 3.20292e-08],
 [3.5026e-08, 3.5026e-08, 3.5026e-08, 3.5026e-08, 3.5026e-08],
 [0, 0, 0, 0, 0],
 [0, 0, 0, 0, 0],
 [0, 0, 0, 0, 0]]
tensor_view 66 name : Tensor[126](res_at_reshape_reshape_permute_reshape_deep_copy_split_2)(5, 5)
tensor_view 66 value : 
[[12.71, 16.4, 16.4, 16.4, 16.4],
 [13.02, 16.8, 16.8, 16.8, 16.8],
 [13.33, 17.2, 17.2, 17.2, 17.2],
 [13.64, 17.6, 17.6, 17.6, 17.6],
 [13.95, 18, 18, 18, 18]]
tensor_view 67 name : Tensor[127](res_at_grad_reshape_reshape_permute_reshape_deep_copy_split_2)(5, 5)
tensor_view 67 value : 
[[0.0879964, 1.31125e-08, 1.31125e-08, 1.31125e-08, 1.31125e-08],
 [0.10264, 1.52946e-08, 1.52946e-08, 1.52946e-08, 1.52946e-08],
 [0.11972, 1.78397e-08, 1.78397e-08, 1.78397e-08, 1.78397e-08],
 [0.139643, 2.08084e-08, 2.08084e-08, 2.08084e-08, 2.08084e-08],
 [0, 0, 0, 0, 0]]
tensor_view 68 name : Tensor[128](res_at_reshape_reshape_permute_reshape_deep_copy_split_3)(5, 5)
tensor_view 68 value : 
[[16.4, 16.4, 16.4, 16.4, 16.4],
 [16.8, 16.8, 16.8, 16.8, 16.8],
 [17.2, 17.2, 17.2, 17.2, 17.2],
 [17.6, 17.6, 17.6, 17.6, 17.6],
 [18, 18, 18, 18, 18]]
tensor_view 69 name : Tensor[129](res_at_grad_reshape_reshape_permute_reshape_deep_copy_split_3)(5, 5)
tensor_view 69 value : 
[[1.25659e-08, 1.25659e-08, 1.25659e-08, 1.25659e-08, 1.25659e-08],
 [1.50273e-08, 1.50273e-08, 1.50273e-08, 1.50273e-08, 1.50273e-08],
 [1.79709e-08, 1.79709e-08, 1.79709e-08, 1.79709e-08, 1.79709e-08],
 [2.14911e-08, 2.14911e-08, 2.14911e-08, 2.14911e-08, 2.14911e-08],
 [0, 0, 0, 0, 0]]
tensor_view 70 name : Tensor[132](bmm_res_div_res_reshape_sequence_mask_reshape_softmax_res_at_reshape_reshape_permute_reshape_deep_copy_split_0)(1, 5)
tensor_view 70 value : 
[[9.77096, 12.6077, 12.6077, 12.6077, 12.6077]]
tensor_view 71 name : Tensor[133](bmm_res_div_res_reshape_sequence_mask_reshape_softmax_res_at_reshape_reshape_permute_reshape_deep_copy_grad_split_0)(1, 5)
tensor_view 71 value : 
[[0.449992, 6.70552e-08, 6.70552e-08, 6.70552e-08, 6.70552e-08]]
tensor_view 72 name : Tensor[134](bmm_res_div_res_reshape_sequence_mask_reshape_softmax_res_at_reshape_reshape_permute_reshape_deep_copy_split_1)(1, 5)
tensor_view 72 value : 
[[12.6089, 12.6089, 12.6089, 12.6089, 12.6089]]
tensor_view 73 name : Tensor[135](bmm_res_div_res_reshape_sequence_mask_reshape_softmax_res_at_reshape_reshape_permute_reshape_deep_copy_grad_split_1)(1, 5)
tensor_view 73 value : 
[[6.70552e-08, 6.70552e-08, 6.70552e-08, 6.70552e-08, 6.70552e-08]]
tensor_view 74 name : Tensor[136](bmm_res_div_res_reshape_sequence_mask_reshape_softmax_res_at_reshape_reshape_permute_reshape_deep_copy_split_2)(1, 5)
tensor_view 74 value : 
[[13.2343, 17.0765, 17.0765, 17.0765, 17.0765]]
tensor_view 75 name : Tensor[137](bmm_res_div_res_reshape_sequence_mask_reshape_softmax_res_at_reshape_reshape_permute_reshape_deep_copy_grad_split_2)(1, 5)
tensor_view 75 value : 
[[0.45, 6.70552e-08, 6.70552e-08, 6.70552e-08, 6.70552e-08]]
tensor_view 76 name : Tensor[138](bmm_res_div_res_reshape_sequence_mask_reshape_softmax_res_at_reshape_reshape_permute_reshape_deep_copy_split_3)(1, 5)
tensor_view 76 value : 
[[17.0886, 17.0886, 17.0886, 17.0886, 17.0886]]
tensor_view 77 name : Tensor[139](bmm_res_div_res_reshape_sequence_mask_reshape_softmax_res_at_reshape_reshape_permute_reshape_deep_copy_grad_split_3)(1, 5)
tensor_view 77 value : 
[[6.70552e-08, 6.70552e-08, 6.70552e-08, 6.70552e-08, 6.70552e-08]]
tensor_view 78 name : Tensor[140](bmm_res_div_res_reshape_sequence_mask_reshape_softmax_res_at_reshape_reshape_permute_reshape_deep_copy_reshape)(2, 2, 1, 5)
tensor_view 78 value : 
[[[[9.77096, 12.6077, 12.6077, 12.6077, 12.6077]],

  [[12.6089, 12.6089, 12.6089, 12.6089, 12.6089]]],


 [[[13.2343, 17.0765, 17.0765, 17.0765, 17.0765]],

  [[17.0886, 17.0886, 17.0886, 17.0886, 17.0886]]]]
tensor_view 79 name : Tensor[141](bmm_res_div_res_reshape_sequence_mask_reshape_softmax_res_at_reshape_reshape_permute_reshape_deep_copy_grad_reshape)(2, 2, 1, 5)
tensor_view 79 value : 
[[[[0.449992, 6.70552e-08, 6.70552e-08, 6.70552e-08, 6.70552e-08]],

  [[6.70552e-08, 6.70552e-08, 6.70552e-08, 6.70552e-08, 6.70552e-08]]],


 [[[0.45, 6.70552e-08, 6.70552e-08, 6.70552e-08, 6.70552e-08]],

  [[6.70552e-08, 6.70552e-08, 6.70552e-08, 6.70552e-08, 6.70552e-08]]]]
tensor_view 80 name : Tensor[142](bmm_res_div_res_reshape_sequence_mask_reshape_softmax_res_at_reshape_reshape_permute_reshape_deep_copy_reshape_permute)(2, 1, 2, 5)
tensor_view 80 value : 
[[[[9.77096, 12.6077, 12.6077, 12.6077, 12.6077],
   [12.6089, 12.6089, 12.6089, 12.6089, 12.6089]]],


 [[[13.2343, 17.0765, 17.0765, 17.0765, 17.0765],
   [17.0886, 17.0886, 17.0886, 17.0886, 17.0886]]]]
tensor_view 81 name : Tensor[143](bmm_res_div_res_reshape_sequence_mask_reshape_softmax_res_at_reshape_reshape_permute_reshape_deep_copy_grad_reshape_permute)(2, 1, 2, 5)
tensor_view 81 value : 
[[[[0.449992, 6.70552e-08, 6.70552e-08, 6.70552e-08, 6.70552e-08],
   [6.70552e-08, 6.70552e-08, 6.70552e-08, 6.70552e-08, 6.70552e-08]]],


 [[[0.45, 6.70552e-08, 6.70552e-08, 6.70552e-08, 6.70552e-08],
   [6.70552e-08, 6.70552e-08, 6.70552e-08, 6.70552e-08, 6.70552e-08]]]]
tensor_view 82 name : Tensor[154](bmm_res_div_res_reshape_sequence_mask_reshape_softmax_res_at_reshape_reshape_permute_reshape_deep_copy_reshape_permute_reshape_deep_copy_reshape)(2, 10)
tensor_view 82 value : 
[[9.77096, 12.6077, 12.6077, 12.6077, 12.6077, 12.6089, 12.6089, 12.6089, 12.6089, 12.6089],
 [13.2343, 17.0765, 17.0765, 17.0765, 17.0765, 17.0886, 17.0886, 17.0886, 17.0886, 17.0886]]
tensor_view 83 name : Tensor[155](bmm_res_div_res_reshape_sequence_mask_reshape_softmax_res_at_reshape_reshape_permute_reshape_deep_copy_grad_reshape_permute_reshape_deep_copy_reshape)(2, 10)
tensor_view 83 value : 
[[0.449992, 6.70552e-08, 6.70552e-08, 6.70552e-08, 6.70552e-08, 6.70552e-08, 6.70552e-08, 6.70552e-08, 6.70552e-08, 6.70552e-08],
 [0.45, 6.70552e-08, 6.70552e-08, 6.70552e-08, 6.70552e-08, 6.70552e-08, 6.70552e-08, 6.70552e-08, 6.70552e-08, 6.70552e-08]]
tensor_view 84 name : Tensor[158](res_at_reshape)(2, 1, 10)
tensor_view 84 value : 
[[[114.453, 123.246, 123.246, 123.246, 123.246, 123.246, 123.246, 123.246, 123.246, 123.246]],

 [[155.072, 166.983, 166.983, 166.983, 166.983, 166.983, 166.983, 166.983, 166.983, 166.983]]]
tensor_view 85 name : Tensor[159](res_at_grad_reshape)(2, 1, 10)
tensor_view 85 value : 
[[[-0.499992, 0.0555546, 0.0555546, 0.0555546, 0.0555546, 0.0555546, 0.0555546, 0.0555546, 0.0555546, 0.0555546]],

 [[-0.5, 0.0555555, 0.0555555, 0.0555555, 0.0555555, 0.0555555, 0.0555555, 0.0555555, 0.0555555, 0.0555555]]]
tensor_view 86 name : Tensor[160](res_at_reshape_reshape)(2, 10)
tensor_view 86 value : 
[[114.453, 123.246, 123.246, 123.246, 123.246, 123.246, 123.246, 123.246, 123.246, 123.246],
 [155.072, 166.983, 166.983, 166.983, 166.983, 166.983, 166.983, 166.983, 166.983, 166.983]]
tensor_view 87 name : Tensor[161](res_at_grad_reshape_reshape)(2, 10)
tensor_view 87 value : 
[[-0.499992, 0.0555546, 0.0555546, 0.0555546, 0.0555546, 0.0555546, 0.0555546, 0.0555546, 0.0555546, 0.0555546],
 [-0.5, 0.0555555, 0.0555555, 0.0555555, 0.0555555, 0.0555555, 0.0555555, 0.0555555, 0.0555555, 0.0555555]]
tensor_view 88 name : Tensor[167](avg_1d_mask_reshape)(2, 1)
tensor_view 88 value : 
[[1],
 [1]]
tensor_view 89 name : Tensor[168](cross_entropy_reshape)(1, 2)
tensor_view 89 value : 
[[10.9911, 14.1081]]
tensor_view 90 name : Tensor[172](cross_entropy_reshape_reshape)(2, 1)
tensor_view 90 value : 
[[10.9911],
 [14.1081]]
tensor_view 91 name : Tensor[180](cross_entropy_tmp_transpose)(10, 2)
tensor_view 91 value : 
[[-0.999983, -0.999999],
 [0.111109, 0.111111],
 [0.111109, 0.111111],
 [0.111109, 0.111111],
 [0.111109, 0.111111],
 [0.111109, 0.111111],
 [0.111109, 0.111111],
 [0.111109, 0.111111],
 [0.111109, 0.111111],
 [0.111109, 0.111111]]
tensor_view 92 name : Tensor[181](cross_entropy_tmp2_transpose)(10, 2)
tensor_view 92 value : 
[[-0.499992, -0.5],
 [0.0555546, 0.0555555],
 [0.0555546, 0.0555555],
 [0.0555546, 0.0555555],
 [0.0555546, 0.0555555],
 [0.0555546, 0.0555555],
 [0.0555546, 0.0555555],
 [0.0555546, 0.0555555],
 [0.0555546, 0.0555555],
 [0.0555546, 0.0555555]]
tensor_view 93 name : Tensor[185](w_o_w_linear_transpose)(10, 10)
tensor_view 93 value : 
[[0.1, 1, 1, 1, 1, 1, 1, 1, 1, 1],
 [1, 1, 1, 1, 1, 1, 1, 1, 1, 1],
 [1, 1, 1, 1, 1, 1, 1, 1, 1, 1],
 [1, 1, 1, 1, 1, 1, 1, 1, 1, 1],
 [1, 1, 1, 1, 1, 1, 1, 1, 1, 1],
 [1, 1, 1, 1, 1, 1, 1, 1, 1, 1],
 [1, 1, 1, 1, 1, 1, 1, 1, 1, 1],
 [1, 1, 1, 1, 1, 1, 1, 1, 1, 1],
 [1, 1, 1, 1, 1, 1, 1, 1, 1, 1],
 [1, 1, 1, 1, 1, 1, 1, 1, 1, 1]]
tensor_view 94 name : Tensor[190](bmm_res_div_res_reshape_sequence_mask_reshape_softmax_res_at_reshape_reshape_permute_reshape_deep_copy_reshape_permute_reshape_deep_copy_reshape_transpose)(10, 2)
tensor_view 94 value : 
[[9.77096, 13.2343],
 [12.6077, 17.0765],
 [12.6077, 17.0765],
 [12.6077, 17.0765],
 [12.6077, 17.0765],
 [12.6089, 17.0886],
 [12.6089, 17.0886],
 [12.6089, 17.0886],
 [12.6089, 17.0886],
 [12.6089, 17.0886]]
tensor_view 95 name : Tensor[195](bmm_res_div_res_reshape_sequence_mask_reshape_softmax_res_at_reshape_reshape_permute_reshape_deep_copy_grad_reshape_permute_reshape_deep_copy_reshape)(2, 1, 2, 5)
tensor_view 95 value : 
[[[[0.449992, 6.70552e-08, 6.70552e-08, 6.70552e-08, 6.70552e-08],
   [6.70552e-08, 6.70552e-08, 6.70552e-08, 6.70552e-08, 6.70552e-08]]],


 [[[0.45, 6.70552e-08, 6.70552e-08, 6.70552e-08, 6.70552e-08],
   [6.70552e-08, 6.70552e-08, 6.70552e-08, 6.70552e-08, 6.70552e-08]]]]
tensor_view 96 name : Tensor[199](res_at_reshape_reshape_permute_reshape_deep_copy_split_0_transpose)(5, 5)
tensor_view 96 value : 
[[9.61, 9.92, 10.23, 10.54, 10.85],
 [12.4, 12.8, 13.2, 13.6, 14],
 [12.4, 12.8, 13.2, 13.6, 14],
 [12.4, 12.8, 13.2, 13.6, 14],
 [12.4, 12.8, 13.2, 13.6, 14]]
tensor_view 97 name : Tensor[204](div_res_reshape_sequence_mask_reshape_softmax_split_0_transpose)(5, 1)
tensor_view 97 value : 
[[0.480768],
 [0.519232],
 [0],
 [0],
 [0]]
tensor_view 98 name : Tensor[209](res_at_reshape_reshape_permute_reshape_deep_copy_split_1_transpose)(5, 5)
tensor_view 98 value : 
[[12.4, 12.8, 13.2, 13.6, 14],
 [12.4, 12.8, 13.2, 13.6, 14],
 [12.4, 12.8, 13.2, 13.6, 14],
 [12.4, 12.8, 13.2, 13.6, 14],
 [12.4, 12.8, 13.2, 13.6, 14]]
tensor_view 99 name : Tensor[214](div_res_reshape_sequence_mask_reshape_softmax_split_1_transpose)(5, 1)
tensor_view 99 value : 
[[0.477654],
 [0.522346],
 [0],
 [0],
 [0]]
tensor_view 100 name : Tensor[219](res_at_reshape_reshape_permute_reshape_deep_copy_split_2_transpose)(5, 5)
tensor_view 100 value : 
[[12.71, 13.02, 13.33, 13.64, 13.95],
 [16.4, 16.8, 17.2, 17.6, 18],
 [16.4, 16.8, 17.2, 17.6, 18],
 [16.4, 16.8, 17.2, 17.6, 18],
 [16.4, 16.8, 17.2, 17.6, 18]]
tensor_view 101 name : Tensor[224](div_res_reshape_sequence_mask_reshape_softmax_split_2_transpose)(5, 1)
tensor_view 101 value : 
[[0.195548],
 [0.228089],
 [0.266045],
 [0.310318],
 [0]]
tensor_view 102 name : Tensor[229](res_at_reshape_reshape_permute_reshape_deep_copy_split_3_transpose)(5, 5)
tensor_view 102 value : 
[[16.4, 16.8, 17.2, 17.6, 18],
 [16.4, 16.8, 17.2, 17.6, 18],
 [16.4, 16.8, 17.2, 17.6, 18],
 [16.4, 16.8, 17.2, 17.6, 18],
 [16.4, 16.8, 17.2, 17.6, 18]]
tensor_view 103 name : Tensor[234](div_res_reshape_sequence_mask_reshape_softmax_split_3_transpose)(5, 1)
tensor_view 103 value : 
[[0.187396],
 [0.224104],
 [0.268002],
 [0.320499],
 [0]]
tensor_view 104 name : Tensor[247](res_at_reshape_reshape_permute_reshape_deep_copy_transpose_reshape_deep_copy_split_0_transpose)(5, 5)
tensor_view 104 value : 
[[1.21, 2.2, 2.2, 2.2, 2.2],
 [1.32, 2.4, 2.4, 2.4, 2.4],
 [1.43, 2.6, 2.6, 2.6, 2.6],
 [1.54, 2.8, 2.8, 2.8, 2.8],
 [1.65, 3, 3, 3, 3]]
tensor_view 105 name : Tensor[252](res_at_reshape_reshape_permute_reshape_deep_copy_split_0_transpose)(5, 1)
tensor_view 105 value : 
[[0.11],
 [0.2],
 [0.2],
 [0.2],
 [0.2]]
tensor_view 106 name : Tensor[257](res_at_reshape_reshape_permute_reshape_deep_copy_transpose_reshape_deep_copy_split_1_transpose)(5, 5)
tensor_view 106 value : 
[[2.2, 2.2, 2.2, 2.2, 2.2],
 [2.4, 2.4, 2.4, 2.4, 2.4],
 [2.6, 2.6, 2.6, 2.6, 2.6],
 [2.8, 2.8, 2.8, 2.8, 2.8],
 [3, 3, 3, 3, 3]]
tensor_view 107 name : Tensor[262](res_at_reshape_reshape_permute_reshape_deep_copy_split_1_transpose)(5, 1)
tensor_view 107 value : 
[[0.2],
 [0.2],
 [0.2],
 [0.2],
 [0.2]]
tensor_view 108 name : Tensor[267](res_at_reshape_reshape_permute_reshape_deep_copy_transpose_reshape_deep_copy_split_2_transpose)(5, 5)
tensor_view 108 value : 
[[2.31, 4.2, 4.2, 4.2, 4.2],
 [2.42, 4.4, 4.4, 4.4, 4.4],
 [2.53, 4.6, 4.6, 4.6, 4.6],
 [2.64, 4.8, 4.8, 4.8, 4.8],
 [2.75, 5, 5, 5, 5]]
tensor_view 109 name : Tensor[272](res_at_reshape_reshape_permute_reshape_deep_copy_split_2_transpose)(5, 1)
tensor_view 109 value : 
[[0.22],
 [0.4],
 [0.4],
 [0.4],
 [0.4]]
tensor_view 110 name : Tensor[277](res_at_reshape_reshape_permute_reshape_deep_copy_transpose_reshape_deep_copy_split_3_transpose)(5, 5)
tensor_view 110 value : 
[[4.2, 4.2, 4.2, 4.2, 4.2],
 [4.4, 4.4, 4.4, 4.4, 4.4],
 [4.6, 4.6, 4.6, 4.6, 4.6],
 [4.8, 4.8, 4.8, 4.8, 4.8],
 [5, 5, 5, 5, 5]]
tensor_view 111 name : Tensor[282](res_at_reshape_reshape_permute_reshape_deep_copy_split_3_transpose)(5, 1)
tensor_view 111 value : 
[[0.4],
 [0.4],
 [0.4],
 [0.4],
 [0.4]]
tensor_view 112 name : Tensor[287](res_at_grad_reshape_reshape_permute_reshape_deep_copy_reshape)(2, 2, 1, 5)
tensor_view 112 value : 
[[[[0.00171313, 0.00311477, 0.00311477, 0.00311477, 0.00311477]],

  [[2.99281e-09, 2.99281e-09, 2.99281e-09, 2.99281e-09, 2.99281e-09]]],


 [[[0.00840805, 0.0152874, 0.0152874, 0.0152874, 0.0152874]],

  [[1.45946e-08, 1.45946e-08, 1.45946e-08, 1.45946e-08, 1.45946e-08]]]]
tensor_view 113 name : Tensor[291](w_q_w_linear_transpose)(10, 2)
tensor_view 113 value : 
[[0.1, 1],
 [1, 1],
 [1, 1],
 [1, 1],
 [1, 1],
 [1, 1],
 [1, 1],
 [1, 1],
 [1, 1],
 [1, 1]]
tensor_view 114 name : Tensor[296](queries_reshape_transpose)(2, 2)
tensor_view 114 value : 
[[0.1, 0.2],
 [0.1, 0.2]]
tensor_view 115 name : Tensor[301](res_at_grad_reshape_reshape_permute_reshape_deep_copy_transpose_reshape_deep_copy_reshape)(4, 5, 5)
tensor_view 115 value : 
[[[-0.00171306, 0.00171306, 0, 0, 0],
  [-0.00311465, 0.00311466, 0, 0, 0],
  [-0.00311465, 0.00311466, 0, 0, 0],
  [-0.00311465, 0.00311466, 0, 0, 0],
  [-0.00311465, 0.00311466, 0, 0, 0]],

 [[-2.99281e-09, 2.99281e-09, 0, 0, 0],
  [-2.99281e-09, 2.99281e-09, 0, 0, 0],
  [-2.99281e-09, 2.99281e-09, 0, 0, 0],
  [-2.99281e-09, 2.99281e-09, 0, 0, 0],
  [-2.99281e-09, 2.99281e-09, 0, 0, 0]],

 [[-0.00453881, -0.00216361, 0.00112783, 0.0055746, 0],
  [-0.00825238, -0.00393384, 0.0020506, 0.0101356, 0],
  [-0.00825238, -0.00393384, 0.0020506, 0.0101356, 0],
  [-0.00825238, -0.00393384, 0.0020506, 0.0101356, 0],
  [-0.00825238, -0.00393384, 0.0020506, 0.0101356, 0]],

 [[-7.73982e-09, -3.87957e-09, 1.78993e-09, 9.82948e-09, 0],
  [-7.73982e-09, -3.87957e-09, 1.78993e-09, 9.82948e-09, 0],
  [-7.73982e-09, -3.87957e-09, 1.78993e-09, 9.82948e-09, 0],
  [-7.73982e-09, -3.87957e-09, 1.78993e-09, 9.82948e-09, 0],
  [-7.73982e-09, -3.87957e-09, 1.78993e-09, 9.82948e-09, 0]]]
tensor_view 116 name : Tensor[305](res_at_grad_reshape_reshape_permute_reshape_deep_copy_reshape)(2, 2, 5, 5)
tensor_view 116 value : 
[[[[-0.00171306, -0.00311465, -0.00311465, -0.00311465, -0.00311465],
   [0.00171306, 0.00311466, 0.00311466, 0.00311466, 0.00311466],
   [0, 0, 0, 0, 0],
   [0, 0, 0, 0, 0],
   [0, 0, 0, 0, 0]],

  [[-2.99281e-09, -2.99281e-09, -2.99281e-09, -2.99281e-09, -2.99281e-09],
   [2.99281e-09, 2.99281e-09, 2.99281e-09, 2.99281e-09, 2.99281e-09],
   [0, 0, 0, 0, 0],
   [0, 0, 0, 0, 0],
   [0, 0, 0, 0, 0]]],


 [[[-0.00453881, -0.00825238, -0.00825238, -0.00825238, -0.00825238],
   [-0.00216361, -0.00393384, -0.00393384, -0.00393384, -0.00393384],
   [0.00112783, 0.0020506, 0.0020506, 0.0020506, 0.0020506],
   [0.0055746, 0.0101356, 0.0101356, 0.0101356, 0.0101356],
   [0, 0, 0, 0, 0]],

  [[-7.73982e-09, -7.73982e-09, -7.73982e-09, -7.73982e-09, -7.73982e-09],
   [-3.87957e-09, -3.87957e-09, -3.87957e-09, -3.87957e-09, -3.87957e-09],
   [1.78993e-09, 1.78993e-09, 1.78993e-09, 1.78993e-09, 1.78993e-09],
   [9.82948e-09, 9.82948e-09, 9.82948e-09, 9.82948e-09, 9.82948e-09],
   [0, 0, 0, 0, 0]]]]
tensor_view 117 name : Tensor[309](w_k_w_linear_transpose)(10, 2)
tensor_view 117 value : 
[[0.1, 1],
 [1, 1],
 [1, 1],
 [1, 1],
 [1, 1],
 [1, 1],
 [1, 1],
 [1, 1],
 [1, 1],
 [1, 1]]
tensor_view 118 name : Tensor[314](keys_reshape_transpose)(2, 10)
tensor_view 118 value : 
[[1.1, 1.2, 1.3, 1.4, 1.5, 2.1, 2.2, 2.3, 2.4, 2.5],
 [1.1, 1.2, 1.3, 1.4, 1.5, 2.1, 2.2, 2.3, 2.4, 2.5]]
tensor_view 119 name : Tensor[319](res_at_grad_reshape_reshape_permute_reshape_deep_copy_reshape)(2, 2, 5, 5)
tensor_view 119 value : 
[[[[0.216342, 3.2238e-08, 3.2238e-08, 3.2238e-08, 3.2238e-08],
   [0.23365, 3.48172e-08, 3.48172e-08, 3.48172e-08, 3.48172e-08],
   [0, 0, 0, 0, 0],
   [0, 0, 0, 0, 0],
   [0, 0, 0, 0, 0]],

  [[3.20292e-08, 3.20292e-08, 3.20292e-08, 3.20292e-08, 3.20292e-08],
   [3.5026e-08, 3.5026e-08, 3.5026e-08, 3.5026e-08, 3.5026e-08],
   [0, 0, 0, 0, 0],
   [0, 0, 0, 0, 0],
   [0, 0, 0, 0, 0]]],


 [[[0.0879964, 1.31125e-08, 1.31125e-08, 1.31125e-08, 1.31125e-08],
   [0.10264, 1.52946e-08, 1.52946e-08, 1.52946e-08, 1.52946e-08],
   [0.11972, 1.78397e-08, 1.78397e-08, 1.78397e-08, 1.78397e-08],
   [0.139643, 2.08084e-08, 2.08084e-08, 2.08084e-08, 2.08084e-08],
   [0, 0, 0, 0, 0]],

  [[1.25659e-08, 1.25659e-08, 1.25659e-08, 1.25659e-08, 1.25659e-08],
   [1.50273e-08, 1.50273e-08, 1.50273e-08, 1.50273e-08, 1.50273e-08],
   [1.79709e-08, 1.79709e-08, 1.79709e-08, 1.79709e-08, 1.79709e-08],
   [2.14911e-08, 2.14911e-08, 2.14911e-08, 2.14911e-08, 2.14911e-08],
   [0, 0, 0, 0, 0]]]]
tensor_view 120 name : Tensor[323](w_v_w_linear_transpose)(10, 4)
tensor_view 120 value : 
[[0.1, 1, 1, 1],
 [1, 1, 1, 1],
 [1, 1, 1, 1],
 [1, 1, 1, 1],
 [1, 1, 1, 1],
 [1, 1, 1, 1],
 [1, 1, 1, 1],
 [1, 1, 1, 1],
 [1, 1, 1, 1],
 [1, 1, 1, 1]]
tensor_view 121 name : Tensor[328](values_reshape_transpose)(4, 10)
tensor_view 121 value : 
[[3.1, 3.2, 3.3, 3.4, 3.5, 4.1, 4.2, 4.3, 4.4, 4.5],
 [3.1, 3.2, 3.3, 3.4, 3.5, 4.1, 4.2, 4.3, 4.4, 4.5],
 [3.1, 3.2, 3.3, 3.4, 3.5, 4.1, 4.2, 4.3, 4.4, 4.5],
 [3.1, 3.2, 3.3, 3.4, 3.5, 4.1, 4.2, 4.3, 4.4, 4.5]]
-------------print all tensors done 2---------------

