(d2l) cs@cs-desktop:~/project/recognizing_handwritten_digits/c++/rnn$ python test.py
tensor([[0.0970, 0.0970, 0.1030],
        [0.0970, 0.0970, 0.1030],
        [0.0970, 0.0970, 0.1030],
        [0.0970, 0.0970, 0.1030]], requires_grad=True)
tensor([[ 0.0485,  0.0180, -0.0212],
        [ 0.0485,  0.0180, -0.0212],
        [ 0.0485,  0.0180, -0.0212],
        [ 0.0485,  0.0180, -0.0212]])
tensor([[0.0970, 0.0970, 0.0970, 0.0970],
        [0.0970, 0.0970, 0.0970, 0.0970],
        [0.0970, 0.0970, 0.0970, 0.0970],
        [0.0970, 0.0970, 0.0970, 0.0970]], requires_grad=True)
tensor([[0.0327, 0.0327, 0.0327, 0.0327],
        [0.0327, 0.0327, 0.0327, 0.0327],
        [0.0327, 0.0327, 0.0327, 0.0327],
        [0.0327, 0.0327, 0.0327, 0.0327]])
tensor([[0.0970],
        [0.0970],
        [0.0970],
        [0.0970]], requires_grad=True)
tensor([[0.0453],
        [0.0453],
        [0.0453],
        [0.0453]])
tensor([[0.1030, 0.2030, 0.3030, 0.4030],
        [0.4970, 0.5970, 0.6970, 0.7970],
        [0.8970, 0.9970, 1.0970, 1.1970]], requires_grad=True)
tensor([[-0.0215, -0.0215, -0.0215, -0.0215],
        [ 0.0160,  0.0160,  0.0160,  0.0160],
        [ 0.0055,  0.0055,  0.0055,  0.0055]])
tensor([[0.1030],
        [0.0970],
        [0.1030]], requires_grad=True)
tensor([[-0.0425],
        [ 0.0628],
        [-0.0203]])